<?xml version="1.0" encoding="UTF-8"?>
<testsuite name="com.bookmanagementsystem.entity.BookTest" tests="7" skipped="0" failures="0" errors="0" timestamp="2025-01-09T13:41:38" hostname="DESKTOP-03LDBVA" time="0.022">
  <properties/>
  <testcase name="Bookのpriceに設定した値が入っていること" classname="com.bookmanagementsystem.entity.BookTest" time="0.003"/>
  <testcase name="Bookのtitleに設定した値が入っていること" classname="com.bookmanagementsystem.entity.BookTest" time="0.003"/>
  <testcase name="Bookのidに設定した値が入っていること" classname="com.bookmanagementsystem.entity.BookTest" time="0.002"/>
  <testcase name="BookのpublicationStatusに設定した値が入っていること" classname="com.bookmanagementsystem.entity.BookTest" time="0.003"/>
  <testcase name="BookのdeleteFlgに設定した値が入っていること" classname="com.bookmanagementsystem.entity.BookTest" time="0.002"/>
  <testcase name="Bookのoperatorに設定した値が入っていること" classname="com.bookmanagementsystem.entity.BookTest" time="0.002"/>
  <testcase name="BookのauthorIdListに設定した値が入っていること" classname="com.bookmanagementsystem.entity.BookTest" time="0.003"/>
  <system-out><![CDATA[2025-01-09T22:41:38.418+09:00  INFO 53336 --- [quo_assignment_db] [    Test worker] t.c.s.AnnotationConfigContextLoaderUtils : Could not detect default configuration classes for test class [com.bookmanagementsystem.entity.BookTest]: BookTest does not declare any static, non-private, non-final, nested classes annotated with @Configuration.
2025-01-09T22:41:38.419+09:00  INFO 53336 --- [quo_assignment_db] [    Test worker] .b.t.c.SpringBootTestContextBootstrapper : Found @SpringBootConfiguration com.bookmanagementsystem.BootApplication for test class com.bookmanagementsystem.entity.BookTest
]]></system-out>
  <system-err><![CDATA[]]></system-err>
</testsuite>
