<?xml version="1.0" encoding="UTF-8"?>
<testsuite name="com.bookmanagementsystem.repositoryImpl.AuthorIndexRepositoryImplTest" tests="10" skipped="0" failures="0" errors="0" timestamp="2025-01-09T15:05:50" hostname="DESKTOP-03LDBVA" time="0.058">
  <properties/>
  <testcase name="著者に紐づく書籍情報登録処理の正常系_リクエスト1件" classname="com.bookmanagementsystem.repositoryImpl.AuthorIndexRepositoryImplTest" time="0.01"/>
  <testcase name="著者に紐づく書籍情報登録処理の正常系_リクエスト2件" classname="com.bookmanagementsystem.repositoryImpl.AuthorIndexRepositoryImplTest" time="0.003"/>
  <testcase name="著者に紐づく書籍情報取得処理の正常系_返り値なし" classname="com.bookmanagementsystem.repositoryImpl.AuthorIndexRepositoryImplTest" time="0.006"/>
  <testcase name="著者に紐づく書籍情報更新処理の正常系_リクエスト1件" classname="com.bookmanagementsystem.repositoryImpl.AuthorIndexRepositoryImplTest" time="0.004"/>
  <testcase name="著者に紐づく書籍情報更新処理の正常系_リクエスト2件" classname="com.bookmanagementsystem.repositoryImpl.AuthorIndexRepositoryImplTest" time="0.004"/>
  <testcase name="著者IDを用いて著者に紐づく書籍情報取得処理の正常系_返り値なし" classname="com.bookmanagementsystem.repositoryImpl.AuthorIndexRepositoryImplTest" time="0.003"/>
  <testcase name="著者IDを用いて著者に紐づく書籍情報取得処理の正常系_返り値あり(1件)" classname="com.bookmanagementsystem.repositoryImpl.AuthorIndexRepositoryImplTest" time="0.004"/>
  <testcase name="著者IDを用いて著者に紐づく書籍情報取得処理の正常系_返り値あり(2件)" classname="com.bookmanagementsystem.repositoryImpl.AuthorIndexRepositoryImplTest" time="0.004"/>
  <testcase name="著者に紐づく書籍情報取得処理の正常系_返り値あり(1件)" classname="com.bookmanagementsystem.repositoryImpl.AuthorIndexRepositoryImplTest" time="0.003"/>
  <testcase name="著者に紐づく書籍情報取得処理の正常系_返り値あり(2件)" classname="com.bookmanagementsystem.repositoryImpl.AuthorIndexRepositoryImplTest" time="0.005"/>
  <system-out><![CDATA[2025-01-10T00:05:49.182+09:00  INFO 16716 --- [quo_assignment_db] [    Test worker] t.c.s.AnnotationConfigContextLoaderUtils : Could not detect default configuration classes for test class [com.bookmanagementsystem.repositoryImpl.AuthorIndexRepositoryImplTest]: AuthorIndexRepositoryImplTest does not declare any static, non-private, non-final, nested classes annotated with @Configuration.
2025-01-10T00:05:49.194+09:00  INFO 16716 --- [quo_assignment_db] [    Test worker] .b.t.c.SpringBootTestContextBootstrapper : Found @SpringBootConfiguration com.bookmanagementsystem.BootApplication for test class com.bookmanagementsystem.repositoryImpl.AuthorIndexRepositoryImplTest
]]></system-out>
  <system-err><![CDATA[]]></system-err>
</testsuite>
