<?xml version="1.0" encoding="UTF-8"?>
<testsuite name="com.bookmanagementsystem.response.author.GetAuthorResponseTest" tests="3" skipped="0" failures="0" errors="0" timestamp="2025-01-09T13:41:39" hostname="DESKTOP-03LDBVA" time="0.008">
  <properties/>
  <testcase name="GetAuthorResponseのbirthdayに設定した値が入っていること" classname="com.bookmanagementsystem.response.author.GetAuthorResponseTest" time="0.002"/>
  <testcase name="GetAuthorResponseのauthorIdに設定した値が入っていること" classname="com.bookmanagementsystem.response.author.GetAuthorResponseTest" time="0.002"/>
  <testcase name="GetAuthorResponseのauthorNameに設定した値が入っていること" classname="com.bookmanagementsystem.response.author.GetAuthorResponseTest" time="0.002"/>
  <system-out><![CDATA[2025-01-09T22:41:39.659+09:00  INFO 53336 --- [quo_assignment_db] [    Test worker] t.c.s.AnnotationConfigContextLoaderUtils : Could not detect default configuration classes for test class [com.bookmanagementsystem.response.author.GetAuthorResponseTest]: GetAuthorResponseTest does not declare any static, non-private, non-final, nested classes annotated with @Configuration.
2025-01-09T22:41:39.662+09:00  INFO 53336 --- [quo_assignment_db] [    Test worker] .b.t.c.SpringBootTestContextBootstrapper : Found @SpringBootConfiguration com.bookmanagementsystem.BootApplication for test class com.bookmanagementsystem.response.author.GetAuthorResponseTest
]]></system-out>
  <system-err><![CDATA[]]></system-err>
</testsuite>
