<?xml version="1.0" encoding="UTF-8"?>
<testsuite name="com.bookmanagementsystem.repositoryImpl.AuthorsInfoRepositoryImplTest" tests="4" skipped="0" failures="0" errors="0" timestamp="2025-01-07T11:37:47" hostname="DESKTOP-03LDBVA" time="0.135">
  <properties/>
  <testcase name="testUpdateAuthor()" classname="com.bookmanagementsystem.repositoryImpl.AuthorsInfoRepositoryImplTest" time="0.094"/>
  <testcase name="著者登録処理の正常系_返り値あり" classname="com.bookmanagementsystem.repositoryImpl.AuthorsInfoRepositoryImplTest" time="0.011"/>
  <testcase name="著者取得処理の正常系_返り値なし" classname="com.bookmanagementsystem.repositoryImpl.AuthorsInfoRepositoryImplTest" time="0.01"/>
  <testcase name="著者取得処理の正常系_返り値あり" classname="com.bookmanagementsystem.repositoryImpl.AuthorsInfoRepositoryImplTest" time="0.01"/>
  <system-out><![CDATA[20:37:42.320 [Test worker] INFO org.springframework.test.context.support.AnnotationConfigContextLoaderUtils -- Could not detect default configuration classes for test class [com.bookmanagementsystem.repositoryImpl.AuthorsInfoRepositoryImplTest]: AuthorsInfoRepositoryImplTest does not declare any static, non-private, non-final, nested classes annotated with @Configuration.
20:37:42.468 [Test worker] INFO org.springframework.boot.test.context.SpringBootTestContextBootstrapper -- Found @SpringBootConfiguration com.bookmanagementsystem.BootApplication for test class com.bookmanagementsystem.repositoryImpl.AuthorsInfoRepositoryImplTest

  .   ____          _            __ _ _
 /\\ / ___'_ __ _ _(_)_ __  __ _ \ \ \ \
( ( )\___ | '_ | '_| | '_ \/ _` | \ \ \ \
 \\/  ___)| |_)| | | | | || (_| |  ) ) ) )
  '  |____| .__|_| |_|_| |_\__, | / / / /
 =========|_|==============|___/=/_/_/_/

 :: Spring Boot ::                (v3.4.1)

2025-01-07T20:37:42.844+09:00  INFO 35660 --- [quo_assignment_db] [    Test worker] c.b.r.AuthorsInfoRepositoryImplTest      : Starting AuthorsInfoRepositoryImplTest using Java 21.0.5 with PID 35660 (started by YUUTA in F:\development\BookManagementSystem)
2025-01-07T20:37:42.846+09:00  INFO 35660 --- [quo_assignment_db] [    Test worker] c.b.r.AuthorsInfoRepositoryImplTest      : No active profile set, falling back to 1 default profile: "default"
2025-01-07T20:37:44.247+09:00  INFO 35660 --- [quo_assignment_db] [    Test worker] com.zaxxer.hikari.HikariDataSource       : HikariPool-1 - Starting...
2025-01-07T20:37:44.437+09:00  INFO 35660 --- [quo_assignment_db] [    Test worker] com.zaxxer.hikari.pool.HikariPool        : HikariPool-1 - Added connection org.postgresql.jdbc.PgConnection@63cf578f
2025-01-07T20:37:44.439+09:00  INFO 35660 --- [quo_assignment_db] [    Test worker] com.zaxxer.hikari.HikariDataSource       : HikariPool-1 - Start completed.
2025-01-07T20:37:44.462+09:00  INFO 35660 --- [quo_assignment_db] [    Test worker] org.flywaydb.core.FlywayExecutor         : Database: jdbc:postgresql://localhost:5432/quo_assignment_db (PostgreSQL 17.2)
2025-01-07T20:37:44.498+09:00  INFO 35660 --- [quo_assignment_db] [    Test worker] o.f.core.internal.command.DbValidate     : Successfully validated 0 migrations (execution time 00:00.016s)
2025-01-07T20:37:44.498+09:00  WARN 35660 --- [quo_assignment_db] [    Test worker] o.f.core.internal.command.DbValidate     : No migrations found. Are your locations set up correctly?
2025-01-07T20:37:44.556+09:00  INFO 35660 --- [quo_assignment_db] [    Test worker] o.f.core.internal.command.DbMigrate      : Current version of schema "public": << Empty Schema >>
2025-01-07T20:37:44.560+09:00  INFO 35660 --- [quo_assignment_db] [    Test worker] o.f.core.internal.command.DbMigrate      : Schema "public" is up to date. No migration necessary.
2025-01-07T20:37:45.574+09:00  INFO 35660 --- [quo_assignment_db] [    Test worker] c.b.r.AuthorsInfoRepositoryImplTest      : Started AuthorsInfoRepositoryImplTest in 2.982 seconds (process running for 4.29)
]]></system-out>
  <system-err><![CDATA[Mockito is currently self-attaching to enable the inline-mock-maker. This will no longer work in future releases of the JDK. Please add Mockito as an agent to your build what is described in Mockito's documentation: https://javadoc.io/doc/org.mockito/mockito-core/latest/org/mockito/Mockito.html#0.3
WARNING: A Java agent has been loaded dynamically (C:\Users\YUUTA\.gradle\caches\modules-2\files-2.1\net.bytebuddy\byte-buddy-agent\1.15.11\a38b16385e867f59a641330f0362ebe742788ed8\byte-buddy-agent-1.15.11.jar)
WARNING: If a serviceability tool is in use, please run with -XX:+EnableDynamicAgentLoading to hide this warning
WARNING: If a serviceability tool is not in use, please run with -Djdk.instrument.traceUsage for more information
WARNING: Dynamic loading of agents will be disallowed by default in a future release
]]></system-err>
</testsuite>
