<?xml version="1.0" encoding="UTF-8"?>
<testsuite name="com.bookmanagementsystem.request.author.UpdateAuthorRequestTest" tests="5" skipped="0" failures="0" errors="0" timestamp="2025-01-09T08:10:46" hostname="DESKTOP-03LDBVA" time="0.013">
  <properties/>
  <testcase name="UpdateAuthorRequestのbirthdayに設定した値が入っていること" classname="com.bookmanagementsystem.request.author.UpdateAuthorRequestTest" time="0.003"/>
  <testcase name="UpdateAuthorRequestのauthorIdに設定した値が入っていること" classname="com.bookmanagementsystem.request.author.UpdateAuthorRequestTest" time="0.002"/>
  <testcase name="UpdateAuthorRequestのauthorNameに設定した値が入っていること" classname="com.bookmanagementsystem.request.author.UpdateAuthorRequestTest" time="0.002"/>
  <testcase name="UpdateAuthorRequestのdeleteFlgに設定した値が入っていること" classname="com.bookmanagementsystem.request.author.UpdateAuthorRequestTest" time="0.002"/>
  <testcase name="UpdateAuthorRequestのoperatorに設定した値が入っていること" classname="com.bookmanagementsystem.request.author.UpdateAuthorRequestTest" time="0.002"/>
  <system-out><![CDATA[2025-01-09T17:10:46.228+09:00  INFO 54956 --- [quo_assignment_db] [    Test worker] t.c.s.AnnotationConfigContextLoaderUtils : Could not detect default configuration classes for test class [com.bookmanagementsystem.request.author.UpdateAuthorRequestTest]: UpdateAuthorRequestTest does not declare any static, non-private, non-final, nested classes annotated with @Configuration.
2025-01-09T17:10:46.229+09:00  INFO 54956 --- [quo_assignment_db] [    Test worker] .b.t.c.SpringBootTestContextBootstrapper : Found @SpringBootConfiguration com.bookmanagementsystem.BootApplication for test class com.bookmanagementsystem.request.author.UpdateAuthorRequestTest
]]></system-out>
  <system-err><![CDATA[]]></system-err>
</testsuite>
