<?xml version="1.0" encoding="UTF-8"?>
<testsuite name="com.bookmanagementsystem.dto.AuthorIndexDtoTest" tests="7" skipped="0" failures="0" errors="0" timestamp="2025-01-07T17:05:29" hostname="DESKTOP-03LDBVA" time="0.773">
  <properties/>
  <testcase name="AuthorIndexDtoのauthorIdに設定した値が入っていること" classname="com.bookmanagementsystem.dto.AuthorIndexDtoTest" time="0.744"/>
  <testcase name="AuthorIndexDtoのupdatedAtに設定した値が入っていること" classname="com.bookmanagementsystem.dto.AuthorIndexDtoTest" time="0.005"/>
  <testcase name="AuthorIndexDtoのupdatedByに設定した値が入っていること" classname="com.bookmanagementsystem.dto.AuthorIndexDtoTest" time="0.004"/>
  <testcase name="AuthorIndexDtoのdeleteFlgに設定した値が入っていること" classname="com.bookmanagementsystem.dto.AuthorIndexDtoTest" time="0.004"/>
  <testcase name="AuthorIndexDtoのbookIdに設定した値が入っていること" classname="com.bookmanagementsystem.dto.AuthorIndexDtoTest" time="0.004"/>
  <testcase name="AuthorIndexDtoのcreatedAtに設定した値が入っていること" classname="com.bookmanagementsystem.dto.AuthorIndexDtoTest" time="0.003"/>
  <testcase name="AuthorIndexDtoのCreatedByに設定した値が入っていること" classname="com.bookmanagementsystem.dto.AuthorIndexDtoTest" time="0.004"/>
  <system-out><![CDATA[02:05:26.389 [Test worker] INFO org.springframework.test.context.support.AnnotationConfigContextLoaderUtils -- Could not detect default configuration classes for test class [com.bookmanagementsystem.dto.AuthorIndexDtoTest]: AuthorIndexDtoTest does not declare any static, non-private, non-final, nested classes annotated with @Configuration.
02:05:26.521 [Test worker] INFO org.springframework.boot.test.context.SpringBootTestContextBootstrapper -- Found @SpringBootConfiguration com.bookmanagementsystem.BootApplication for test class com.bookmanagementsystem.dto.AuthorIndexDtoTest

  .   ____          _            __ _ _
 /\\ / ___'_ __ _ _(_)_ __  __ _ \ \ \ \
( ( )\___ | '_ | '_| | '_ \/ _` | \ \ \ \
 \\/  ___)| |_)| | | | | || (_| |  ) ) ) )
  '  |____| .__|_| |_|_| |_\__, | / / / /
 =========|_|==============|___/=/_/_/_/

 :: Spring Boot ::                (v3.4.1)

2025-01-08T02:05:26.915+09:00  INFO 15412 --- [quo_assignment_db] [    Test worker] c.b.dto.AuthorIndexDtoTest               : Starting AuthorIndexDtoTest using Java 21.0.5 with PID 15412 (started by YUUTA in F:\development\BookManagementSystem)
2025-01-08T02:05:26.916+09:00  INFO 15412 --- [quo_assignment_db] [    Test worker] c.b.dto.AuthorIndexDtoTest               : No active profile set, falling back to 1 default profile: "default"
2025-01-08T02:05:28.299+09:00  INFO 15412 --- [quo_assignment_db] [    Test worker] com.zaxxer.hikari.HikariDataSource       : HikariPool-1 - Starting...
2025-01-08T02:05:28.475+09:00  INFO 15412 --- [quo_assignment_db] [    Test worker] com.zaxxer.hikari.pool.HikariPool        : HikariPool-1 - Added connection org.postgresql.jdbc.PgConnection@682266d8
2025-01-08T02:05:28.477+09:00  INFO 15412 --- [quo_assignment_db] [    Test worker] com.zaxxer.hikari.HikariDataSource       : HikariPool-1 - Start completed.
2025-01-08T02:05:28.500+09:00  INFO 15412 --- [quo_assignment_db] [    Test worker] org.flywaydb.core.FlywayExecutor         : Database: jdbc:postgresql://localhost:5432/quo_assignment_db (PostgreSQL 17.2)
2025-01-08T02:05:28.532+09:00  INFO 15412 --- [quo_assignment_db] [    Test worker] o.f.core.internal.command.DbValidate     : Successfully validated 0 migrations (execution time 00:00.014s)
2025-01-08T02:05:28.532+09:00  WARN 15412 --- [quo_assignment_db] [    Test worker] o.f.core.internal.command.DbValidate     : No migrations found. Are your locations set up correctly?
2025-01-08T02:05:28.744+09:00  INFO 15412 --- [quo_assignment_db] [    Test worker] o.f.core.internal.command.DbMigrate      : Current version of schema "public": << Empty Schema >>
2025-01-08T02:05:28.748+09:00  INFO 15412 --- [quo_assignment_db] [    Test worker] o.f.core.internal.command.DbMigrate      : Schema "public" is up to date. No migration necessary.
2025-01-08T02:05:29.774+09:00  INFO 15412 --- [quo_assignment_db] [    Test worker] c.b.dto.AuthorIndexDtoTest               : Started AuthorIndexDtoTest in 3.103 seconds (process running for 4.436)
]]></system-out>
  <system-err><![CDATA[Mockito is currently self-attaching to enable the inline-mock-maker. This will no longer work in future releases of the JDK. Please add Mockito as an agent to your build what is described in Mockito's documentation: https://javadoc.io/doc/org.mockito/mockito-core/latest/org/mockito/Mockito.html#0.3
WARNING: A Java agent has been loaded dynamically (C:\Users\YUUTA\.gradle\caches\modules-2\files-2.1\net.bytebuddy\byte-buddy-agent\1.15.11\a38b16385e867f59a641330f0362ebe742788ed8\byte-buddy-agent-1.15.11.jar)
WARNING: If a serviceability tool is in use, please run with -XX:+EnableDynamicAgentLoading to hide this warning
WARNING: If a serviceability tool is not in use, please run with -Djdk.instrument.traceUsage for more information
WARNING: Dynamic loading of agents will be disallowed by default in a future release
]]></system-err>
</testsuite>
