<?xml version="1.0" encoding="UTF-8"?>
<testsuite name="com.bookmanagementsystem.enumkt.PublicationStatusTest" tests="8" skipped="0" failures="0" errors="0" timestamp="2025-01-07T17:05:30" hostname="DESKTOP-03LDBVA" time="0.042">
  <properties/>
  <testcase name="getPublicationStatusに未定義の値を渡した際にIllegalStateExceptionが投げられること" classname="com.bookmanagementsystem.enumkt.PublicationStatusTest" time="0.003"/>
  <testcase name="containsに未定義の値を渡した際にfalseが返ってくること" classname="com.bookmanagementsystem.enumkt.PublicationStatusTest" time="0.006"/>
  <testcase name="PublicationStatusが未出版の場合のEnum値とCodeとordinalの確認" classname="com.bookmanagementsystem.enumkt.PublicationStatusTest" time="0.003"/>
  <testcase name="PublicationStatusが出版済みの場合のEnum値とCodeとordinalの確認" classname="com.bookmanagementsystem.enumkt.PublicationStatusTest" time="0.004"/>
  <testcase name="containsにUNPUBLISHEDのCode値を渡した際にtrueが返ってくること" classname="com.bookmanagementsystem.enumkt.PublicationStatusTest" time="0.003"/>
  <testcase name="getPublicationStatusにPUBLISHEDを取得した場合のEnum値とCodeとordinalの確認" classname="com.bookmanagementsystem.enumkt.PublicationStatusTest" time="0.004"/>
  <testcase name="containsにPUBLISHEDのCode値を渡した際にtrueが返ってくること" classname="com.bookmanagementsystem.enumkt.PublicationStatusTest" time="0.003"/>
  <testcase name="getPublicationStatusにUNPUBLISHEDを取得した場合のEnum値とCodeとordinalの確認" classname="com.bookmanagementsystem.enumkt.PublicationStatusTest" time="0.006"/>
  <system-out><![CDATA[2025-01-08T02:05:30.765+09:00  INFO 15412 --- [quo_assignment_db] [    Test worker] t.c.s.AnnotationConfigContextLoaderUtils : Could not detect default configuration classes for test class [com.bookmanagementsystem.enumkt.PublicationStatusTest]: PublicationStatusTest does not declare any static, non-private, non-final, nested classes annotated with @Configuration.
2025-01-08T02:05:30.777+09:00  INFO 15412 --- [quo_assignment_db] [    Test worker] .b.t.c.SpringBootTestContextBootstrapper : Found @SpringBootConfiguration com.bookmanagementsystem.BootApplication for test class com.bookmanagementsystem.enumkt.PublicationStatusTest
]]></system-out>
  <system-err><![CDATA[]]></system-err>
</testsuite>
