<?xml version="1.0" encoding="UTF-8"?>
<testsuite name="com.bookmanagementsystem.request.book.GetBookFromAuthorRequestTest" tests="1" skipped="0" failures="0" errors="0" timestamp="2025-01-09T13:41:39" hostname="DESKTOP-03LDBVA" time="0.003">
  <properties/>
  <testcase name="GetBookFromAuthorRequestのauthorIdに設定した値が入っていること" classname="com.bookmanagementsystem.request.book.GetBookFromAuthorRequestTest" time="0.003"/>
  <system-out><![CDATA[2025-01-09T22:41:39.594+09:00  INFO 53336 --- [quo_assignment_db] [    Test worker] t.c.s.AnnotationConfigContextLoaderUtils : Could not detect default configuration classes for test class [com.bookmanagementsystem.request.book.GetBookFromAuthorRequestTest]: GetBookFromAuthorRequestTest does not declare any static, non-private, non-final, nested classes annotated with @Configuration.
2025-01-09T22:41:39.596+09:00  INFO 53336 --- [quo_assignment_db] [    Test worker] .b.t.c.SpringBootTestContextBootstrapper : Found @SpringBootConfiguration com.bookmanagementsystem.BootApplication for test class com.bookmanagementsystem.request.book.GetBookFromAuthorRequestTest
]]></system-out>
  <system-err><![CDATA[]]></system-err>
</testsuite>
