<?xml version="1.0" encoding="UTF-8"?>
<testsuite name="com.bookmanagementsystem.controller.BookControllerTest" tests="12" skipped="0" failures="0" errors="0" timestamp="2025-01-09T08:10:42" hostname="DESKTOP-03LDBVA" time="0.161">
  <properties/>
  <testcase name="getBookControllerの正常系" classname="com.bookmanagementsystem.controller.BookControllerTest" time="0.013"/>
  <testcase name="createBookControllerの異常系_INTERNAL_SERVER_ERROR" classname="com.bookmanagementsystem.controller.BookControllerTest" time="0.028"/>
  <testcase name="getBookFromAuthorControllerの正常系" classname="com.bookmanagementsystem.controller.BookControllerTest" time="0.01"/>
  <testcase name="updateBookControllerの正常系" classname="com.bookmanagementsystem.controller.BookControllerTest" time="0.017"/>
  <testcase name="createBookControllerの異常系_BAD_REQUEST" classname="com.bookmanagementsystem.controller.BookControllerTest" time="0.011"/>
  <testcase name="updateBookControllerの異常系_INTERNAL_SERVER_ERROR" classname="com.bookmanagementsystem.controller.BookControllerTest" time="0.011"/>
  <testcase name="getBookControllerの異常系_INTERNAL_SERVER_ERROR" classname="com.bookmanagementsystem.controller.BookControllerTest" time="0.01"/>
  <testcase name="getBookControllerの異常系_BAD_REQUEST" classname="com.bookmanagementsystem.controller.BookControllerTest" time="0.009"/>
  <testcase name="updateBookControllerの異常系_BAD_REQUEST" classname="com.bookmanagementsystem.controller.BookControllerTest" time="0.01"/>
  <testcase name="createBookControllerの正常系" classname="com.bookmanagementsystem.controller.BookControllerTest" time="0.011"/>
  <testcase name="getBookFromAuthorControllerの異常系_BAD_REQUEST" classname="com.bookmanagementsystem.controller.BookControllerTest" time="0.009"/>
  <testcase name="getBookFromAuthorControllerの異常系_INTERNAL_SERVER_ERROR" classname="com.bookmanagementsystem.controller.BookControllerTest" time="0.009"/>
  <system-out><![CDATA[2025-01-09T17:10:42.402+09:00  INFO 54956 --- [quo_assignment_db] [    Test worker] t.c.s.AnnotationConfigContextLoaderUtils : Could not detect default configuration classes for test class [com.bookmanagementsystem.controller.BookControllerTest]: BookControllerTest does not declare any static, non-private, non-final, nested classes annotated with @Configuration.
2025-01-09T17:10:42.414+09:00  INFO 54956 --- [quo_assignment_db] [    Test worker] .b.t.c.SpringBootTestContextBootstrapper : Found @SpringBootConfiguration com.bookmanagementsystem.BootApplication for test class com.bookmanagementsystem.controller.BookControllerTest

  .   ____          _            __ _ _
 /\\ / ___'_ __ _ _(_)_ __  __ _ \ \ \ \
( ( )\___ | '_ | '_| | '_ \/ _` | \ \ \ \
 \\/  ___)| |_)| | | | | || (_| |  ) ) ) )
  '  |____| .__|_| |_|_| |_\__, | / / / /
 =========|_|==============|___/=/_/_/_/

 :: Spring Boot ::                (v3.4.1)

2025-01-09T17:10:42.441+09:00  INFO 54956 --- [quo_assignment_db] [    Test worker] c.b.controller.BookControllerTest        : Starting BookControllerTest using Java 21.0.5 with PID 54956 (started by YUUTA in F:\development\BookManagementSystem)
2025-01-09T17:10:42.442+09:00  INFO 54956 --- [quo_assignment_db] [    Test worker] c.b.controller.BookControllerTest        : No active profile set, falling back to 1 default profile: "default"
2025-01-09T17:10:42.737+09:00  INFO 54956 --- [quo_assignment_db] [    Test worker] o.s.b.t.m.w.SpringBootMockServletContext : Initializing Spring TestDispatcherServlet ''
2025-01-09T17:10:42.737+09:00  INFO 54956 --- [quo_assignment_db] [    Test worker] o.s.t.web.servlet.TestDispatcherServlet  : Initializing Servlet ''
2025-01-09T17:10:42.737+09:00  INFO 54956 --- [quo_assignment_db] [    Test worker] o.s.t.web.servlet.TestDispatcherServlet  : Completed initialization in 0 ms
2025-01-09T17:10:42.743+09:00  INFO 54956 --- [quo_assignment_db] [    Test worker] c.b.controller.BookControllerTest        : Started BookControllerTest in 0.326 seconds (process running for 3.893)
2025-01-09T17:10:42.755+09:00  INFO 54956 --- [quo_assignment_db] [    Test worker] o.s.mock.web.MockServletContext          : Initializing Spring TestDispatcherServlet ''
2025-01-09T17:10:42.755+09:00  INFO 54956 --- [quo_assignment_db] [    Test worker] o.s.t.web.servlet.TestDispatcherServlet  : Initializing Servlet ''
2025-01-09T17:10:42.755+09:00  INFO 54956 --- [quo_assignment_db] [    Test worker] o.s.t.web.servlet.TestDispatcherServlet  : Completed initialization in 0 ms
2025-01-09T17:10:42.770+09:00  INFO 54956 --- [quo_assignment_db] [    Test worker] o.s.mock.web.MockServletContext          : Initializing Spring TestDispatcherServlet ''
2025-01-09T17:10:42.771+09:00  INFO 54956 --- [quo_assignment_db] [    Test worker] o.s.t.web.servlet.TestDispatcherServlet  : Initializing Servlet ''
2025-01-09T17:10:42.771+09:00  INFO 54956 --- [quo_assignment_db] [    Test worker] o.s.t.web.servlet.TestDispatcherServlet  : Completed initialization in 0 ms
2025-01-09T17:10:42.797+09:00  INFO 54956 --- [quo_assignment_db] [    Test worker] o.s.mock.web.MockServletContext          : Initializing Spring TestDispatcherServlet ''
2025-01-09T17:10:42.797+09:00  INFO 54956 --- [quo_assignment_db] [    Test worker] o.s.t.web.servlet.TestDispatcherServlet  : Initializing Servlet ''
2025-01-09T17:10:42.798+09:00  INFO 54956 --- [quo_assignment_db] [    Test worker] o.s.t.web.servlet.TestDispatcherServlet  : Completed initialization in 0 ms
2025-01-09T17:10:42.814+09:00  INFO 54956 --- [quo_assignment_db] [    Test worker] o.s.mock.web.MockServletContext          : Initializing Spring TestDispatcherServlet ''
2025-01-09T17:10:42.814+09:00  INFO 54956 --- [quo_assignment_db] [    Test worker] o.s.t.web.servlet.TestDispatcherServlet  : Initializing Servlet ''
2025-01-09T17:10:42.814+09:00  INFO 54956 --- [quo_assignment_db] [    Test worker] o.s.t.web.servlet.TestDispatcherServlet  : Completed initialization in 0 ms
2025-01-09T17:10:42.826+09:00  INFO 54956 --- [quo_assignment_db] [    Test worker] o.s.mock.web.MockServletContext          : Initializing Spring TestDispatcherServlet ''
2025-01-09T17:10:42.827+09:00  INFO 54956 --- [quo_assignment_db] [    Test worker] o.s.t.web.servlet.TestDispatcherServlet  : Initializing Servlet ''
2025-01-09T17:10:42.827+09:00  INFO 54956 --- [quo_assignment_db] [    Test worker] o.s.t.web.servlet.TestDispatcherServlet  : Completed initialization in 0 ms
2025-01-09T17:10:42.839+09:00  INFO 54956 --- [quo_assignment_db] [    Test worker] o.s.mock.web.MockServletContext          : Initializing Spring TestDispatcherServlet ''
2025-01-09T17:10:42.839+09:00  INFO 54956 --- [quo_assignment_db] [    Test worker] o.s.t.web.servlet.TestDispatcherServlet  : Initializing Servlet ''
2025-01-09T17:10:42.839+09:00  INFO 54956 --- [quo_assignment_db] [    Test worker] o.s.t.web.servlet.TestDispatcherServlet  : Completed initialization in 0 ms
2025-01-09T17:10:42.850+09:00  INFO 54956 --- [quo_assignment_db] [    Test worker] o.s.mock.web.MockServletContext          : Initializing Spring TestDispatcherServlet ''
2025-01-09T17:10:42.851+09:00  INFO 54956 --- [quo_assignment_db] [    Test worker] o.s.t.web.servlet.TestDispatcherServlet  : Initializing Servlet ''
2025-01-09T17:10:42.851+09:00  INFO 54956 --- [quo_assignment_db] [    Test worker] o.s.t.web.servlet.TestDispatcherServlet  : Completed initialization in 0 ms
2025-01-09T17:10:42.861+09:00  INFO 54956 --- [quo_assignment_db] [    Test worker] o.s.mock.web.MockServletContext          : Initializing Spring TestDispatcherServlet ''
2025-01-09T17:10:42.861+09:00  INFO 54956 --- [quo_assignment_db] [    Test worker] o.s.t.web.servlet.TestDispatcherServlet  : Initializing Servlet ''
2025-01-09T17:10:42.861+09:00  INFO 54956 --- [quo_assignment_db] [    Test worker] o.s.t.web.servlet.TestDispatcherServlet  : Completed initialization in 0 ms
2025-01-09T17:10:42.871+09:00  INFO 54956 --- [quo_assignment_db] [    Test worker] o.s.mock.web.MockServletContext          : Initializing Spring TestDispatcherServlet ''
2025-01-09T17:10:42.871+09:00  INFO 54956 --- [quo_assignment_db] [    Test worker] o.s.t.web.servlet.TestDispatcherServlet  : Initializing Servlet ''
2025-01-09T17:10:42.871+09:00  INFO 54956 --- [quo_assignment_db] [    Test worker] o.s.t.web.servlet.TestDispatcherServlet  : Completed initialization in 0 ms
2025-01-09T17:10:42.883+09:00  INFO 54956 --- [quo_assignment_db] [    Test worker] o.s.mock.web.MockServletContext          : Initializing Spring TestDispatcherServlet ''
2025-01-09T17:10:42.884+09:00  INFO 54956 --- [quo_assignment_db] [    Test worker] o.s.t.web.servlet.TestDispatcherServlet  : Initializing Servlet ''
2025-01-09T17:10:42.884+09:00  INFO 54956 --- [quo_assignment_db] [    Test worker] o.s.t.web.servlet.TestDispatcherServlet  : Completed initialization in 0 ms
2025-01-09T17:10:42.894+09:00  INFO 54956 --- [quo_assignment_db] [    Test worker] o.s.mock.web.MockServletContext          : Initializing Spring TestDispatcherServlet ''
2025-01-09T17:10:42.894+09:00  INFO 54956 --- [quo_assignment_db] [    Test worker] o.s.t.web.servlet.TestDispatcherServlet  : Initializing Servlet ''
2025-01-09T17:10:42.895+09:00  INFO 54956 --- [quo_assignment_db] [    Test worker] o.s.t.web.servlet.TestDispatcherServlet  : Completed initialization in 0 ms
2025-01-09T17:10:42.904+09:00  INFO 54956 --- [quo_assignment_db] [    Test worker] o.s.mock.web.MockServletContext          : Initializing Spring TestDispatcherServlet ''
2025-01-09T17:10:42.905+09:00  INFO 54956 --- [quo_assignment_db] [    Test worker] o.s.t.web.servlet.TestDispatcherServlet  : Initializing Servlet ''
2025-01-09T17:10:42.905+09:00  INFO 54956 --- [quo_assignment_db] [    Test worker] o.s.t.web.servlet.TestDispatcherServlet  : Completed initialization in 0 ms
]]></system-out>
  <system-err><![CDATA[]]></system-err>
</testsuite>
