<?xml version="1.0" encoding="UTF-8"?>
<testsuite name="com.bookmanagementsystem.service.BookServiceTest" tests="6" skipped="0" failures="0" errors="0" timestamp="2025-01-07T16:53:14" hostname="DESKTOP-03LDBVA" time="1.003">
  <properties/>
  <testcase name="書籍登録処理の異常系" classname="com.bookmanagementsystem.service.BookServiceTest" time="0.957"/>
  <testcase name="書籍登録処理の正常系" classname="com.bookmanagementsystem.service.BookServiceTest" time="0.022"/>
  <testcase name="書籍更新処理の異常系" classname="com.bookmanagementsystem.service.BookServiceTest" time="0.003"/>
  <testcase name="書籍取得処理の正常系_返り値あり" classname="com.bookmanagementsystem.service.BookServiceTest" time="0.005"/>
  <testcase name="書籍更新処理の正常系" classname="com.bookmanagementsystem.service.BookServiceTest" time="0.005"/>
  <testcase name="書籍取得処理の正常系_返り値なし" classname="com.bookmanagementsystem.service.BookServiceTest" time="0.003"/>
  <system-out><![CDATA[]]></system-out>
  <system-err><![CDATA[Mockito is currently self-attaching to enable the inline-mock-maker. This will no longer work in future releases of the JDK. Please add Mockito as an agent to your build what is described in Mockito's documentation: https://javadoc.io/doc/org.mockito/mockito-core/latest/org/mockito/Mockito.html#0.3
WARNING: A Java agent has been loaded dynamically (C:\Users\YUUTA\.gradle\caches\modules-2\files-2.1\net.bytebuddy\byte-buddy-agent\1.15.11\a38b16385e867f59a641330f0362ebe742788ed8\byte-buddy-agent-1.15.11.jar)
WARNING: If a serviceability tool is in use, please run with -XX:+EnableDynamicAgentLoading to hide this warning
WARNING: If a serviceability tool is not in use, please run with -Djdk.instrument.traceUsage for more information
WARNING: Dynamic loading of agents will be disallowed by default in a future release
]]></system-err>
</testsuite>
