<?xml version="1.0" encoding="UTF-8"?>
<testsuite name="com.bookmanagementsystem.controller.BookControllerTest" tests="12" skipped="0" failures="0" errors="0" timestamp="2025-01-09T15:05:46" hostname="DESKTOP-03LDBVA" time="0.176">
  <properties/>
  <testcase name="getBookControllerの正常系" classname="com.bookmanagementsystem.controller.BookControllerTest" time="0.012"/>
  <testcase name="createBookControllerの異常系_INTERNAL_SERVER_ERROR" classname="com.bookmanagementsystem.controller.BookControllerTest" time="0.025"/>
  <testcase name="getBookFromAuthorControllerの正常系" classname="com.bookmanagementsystem.controller.BookControllerTest" time="0.013"/>
  <testcase name="updateBookControllerの正常系" classname="com.bookmanagementsystem.controller.BookControllerTest" time="0.013"/>
  <testcase name="createBookControllerの異常系_BAD_REQUEST" classname="com.bookmanagementsystem.controller.BookControllerTest" time="0.013"/>
  <testcase name="updateBookControllerの異常系_INTERNAL_SERVER_ERROR" classname="com.bookmanagementsystem.controller.BookControllerTest" time="0.011"/>
  <testcase name="getBookControllerの異常系_INTERNAL_SERVER_ERROR" classname="com.bookmanagementsystem.controller.BookControllerTest" time="0.012"/>
  <testcase name="getBookControllerの異常系_BAD_REQUEST" classname="com.bookmanagementsystem.controller.BookControllerTest" time="0.011"/>
  <testcase name="updateBookControllerの異常系_BAD_REQUEST" classname="com.bookmanagementsystem.controller.BookControllerTest" time="0.011"/>
  <testcase name="createBookControllerの正常系" classname="com.bookmanagementsystem.controller.BookControllerTest" time="0.012"/>
  <testcase name="getBookFromAuthorControllerの異常系_BAD_REQUEST" classname="com.bookmanagementsystem.controller.BookControllerTest" time="0.011"/>
  <testcase name="getBookFromAuthorControllerの異常系_INTERNAL_SERVER_ERROR" classname="com.bookmanagementsystem.controller.BookControllerTest" time="0.021"/>
  <system-out><![CDATA[2025-01-10T00:05:46.400+09:00  INFO 16716 --- [quo_assignment_db] [    Test worker] t.c.s.AnnotationConfigContextLoaderUtils : Could not detect default configuration classes for test class [com.bookmanagementsystem.controller.BookControllerTest]: BookControllerTest does not declare any static, non-private, non-final, nested classes annotated with @Configuration.
2025-01-10T00:05:46.412+09:00  INFO 16716 --- [quo_assignment_db] [    Test worker] .b.t.c.SpringBootTestContextBootstrapper : Found @SpringBootConfiguration com.bookmanagementsystem.BootApplication for test class com.bookmanagementsystem.controller.BookControllerTest

  .   ____          _            __ _ _
 /\\ / ___'_ __ _ _(_)_ __  __ _ \ \ \ \
( ( )\___ | '_ | '_| | '_ \/ _` | \ \ \ \
 \\/  ___)| |_)| | | | | || (_| |  ) ) ) )
  '  |____| .__|_| |_|_| |_\__, | / / / /
 =========|_|==============|___/=/_/_/_/

 :: Spring Boot ::                (v3.4.1)

2025-01-10T00:05:46.446+09:00  INFO 16716 --- [quo_assignment_db] [    Test worker] c.b.controller.BookControllerTest        : Starting BookControllerTest using Java 21.0.5 with PID 16716 (started by YUUTA in F:\development\BookManagementSystem)
2025-01-10T00:05:46.446+09:00  INFO 16716 --- [quo_assignment_db] [    Test worker] c.b.controller.BookControllerTest        : No active profile set, falling back to 1 default profile: "default"
2025-01-10T00:05:46.743+09:00  INFO 16716 --- [quo_assignment_db] [    Test worker] o.s.b.t.m.w.SpringBootMockServletContext : Initializing Spring TestDispatcherServlet ''
2025-01-10T00:05:46.743+09:00  INFO 16716 --- [quo_assignment_db] [    Test worker] o.s.t.web.servlet.TestDispatcherServlet  : Initializing Servlet ''
2025-01-10T00:05:46.744+09:00  INFO 16716 --- [quo_assignment_db] [    Test worker] o.s.t.web.servlet.TestDispatcherServlet  : Completed initialization in 0 ms
2025-01-10T00:05:46.753+09:00  INFO 16716 --- [quo_assignment_db] [    Test worker] c.b.controller.BookControllerTest        : Started BookControllerTest in 0.336 seconds (process running for 4.252)
2025-01-10T00:05:46.764+09:00  INFO 16716 --- [quo_assignment_db] [    Test worker] o.s.mock.web.MockServletContext          : Initializing Spring TestDispatcherServlet ''
2025-01-10T00:05:46.764+09:00  INFO 16716 --- [quo_assignment_db] [    Test worker] o.s.t.web.servlet.TestDispatcherServlet  : Initializing Servlet ''
2025-01-10T00:05:46.764+09:00  INFO 16716 --- [quo_assignment_db] [    Test worker] o.s.t.web.servlet.TestDispatcherServlet  : Completed initialization in 0 ms
2025-01-10T00:05:46.777+09:00  INFO 16716 --- [quo_assignment_db] [    Test worker] o.s.mock.web.MockServletContext          : Initializing Spring TestDispatcherServlet ''
2025-01-10T00:05:46.777+09:00  INFO 16716 --- [quo_assignment_db] [    Test worker] o.s.t.web.servlet.TestDispatcherServlet  : Initializing Servlet ''
2025-01-10T00:05:46.778+09:00  INFO 16716 --- [quo_assignment_db] [    Test worker] o.s.t.web.servlet.TestDispatcherServlet  : Completed initialization in 0 ms
2025-01-10T00:05:46.804+09:00  INFO 16716 --- [quo_assignment_db] [    Test worker] o.s.mock.web.MockServletContext          : Initializing Spring TestDispatcherServlet ''
2025-01-10T00:05:46.804+09:00  INFO 16716 --- [quo_assignment_db] [    Test worker] o.s.t.web.servlet.TestDispatcherServlet  : Initializing Servlet ''
2025-01-10T00:05:46.804+09:00  INFO 16716 --- [quo_assignment_db] [    Test worker] o.s.t.web.servlet.TestDispatcherServlet  : Completed initialization in 0 ms
2025-01-10T00:05:46.819+09:00  INFO 16716 --- [quo_assignment_db] [    Test worker] o.s.mock.web.MockServletContext          : Initializing Spring TestDispatcherServlet ''
2025-01-10T00:05:46.819+09:00  INFO 16716 --- [quo_assignment_db] [    Test worker] o.s.t.web.servlet.TestDispatcherServlet  : Initializing Servlet ''
2025-01-10T00:05:46.819+09:00  INFO 16716 --- [quo_assignment_db] [    Test worker] o.s.t.web.servlet.TestDispatcherServlet  : Completed initialization in 0 ms
2025-01-10T00:05:46.833+09:00  INFO 16716 --- [quo_assignment_db] [    Test worker] o.s.mock.web.MockServletContext          : Initializing Spring TestDispatcherServlet ''
2025-01-10T00:05:46.833+09:00  INFO 16716 --- [quo_assignment_db] [    Test worker] o.s.t.web.servlet.TestDispatcherServlet  : Initializing Servlet ''
2025-01-10T00:05:46.833+09:00  INFO 16716 --- [quo_assignment_db] [    Test worker] o.s.t.web.servlet.TestDispatcherServlet  : Completed initialization in 0 ms
2025-01-10T00:05:46.845+09:00  INFO 16716 --- [quo_assignment_db] [    Test worker] o.s.mock.web.MockServletContext          : Initializing Spring TestDispatcherServlet ''
2025-01-10T00:05:46.845+09:00  INFO 16716 --- [quo_assignment_db] [    Test worker] o.s.t.web.servlet.TestDispatcherServlet  : Initializing Servlet ''
2025-01-10T00:05:46.845+09:00  INFO 16716 --- [quo_assignment_db] [    Test worker] o.s.t.web.servlet.TestDispatcherServlet  : Completed initialization in 0 ms
2025-01-10T00:05:46.858+09:00  INFO 16716 --- [quo_assignment_db] [    Test worker] o.s.mock.web.MockServletContext          : Initializing Spring TestDispatcherServlet ''
2025-01-10T00:05:46.858+09:00  INFO 16716 --- [quo_assignment_db] [    Test worker] o.s.t.web.servlet.TestDispatcherServlet  : Initializing Servlet ''
2025-01-10T00:05:46.858+09:00  INFO 16716 --- [quo_assignment_db] [    Test worker] o.s.t.web.servlet.TestDispatcherServlet  : Completed initialization in 0 ms
2025-01-10T00:05:46.870+09:00  INFO 16716 --- [quo_assignment_db] [    Test worker] o.s.mock.web.MockServletContext          : Initializing Spring TestDispatcherServlet ''
2025-01-10T00:05:46.870+09:00  INFO 16716 --- [quo_assignment_db] [    Test worker] o.s.t.web.servlet.TestDispatcherServlet  : Initializing Servlet ''
2025-01-10T00:05:46.870+09:00  INFO 16716 --- [quo_assignment_db] [    Test worker] o.s.t.web.servlet.TestDispatcherServlet  : Completed initialization in 0 ms
2025-01-10T00:05:46.883+09:00  INFO 16716 --- [quo_assignment_db] [    Test worker] o.s.mock.web.MockServletContext          : Initializing Spring TestDispatcherServlet ''
2025-01-10T00:05:46.883+09:00  INFO 16716 --- [quo_assignment_db] [    Test worker] o.s.t.web.servlet.TestDispatcherServlet  : Initializing Servlet ''
2025-01-10T00:05:46.884+09:00  INFO 16716 --- [quo_assignment_db] [    Test worker] o.s.t.web.servlet.TestDispatcherServlet  : Completed initialization in 1 ms
2025-01-10T00:05:46.895+09:00  INFO 16716 --- [quo_assignment_db] [    Test worker] o.s.mock.web.MockServletContext          : Initializing Spring TestDispatcherServlet ''
2025-01-10T00:05:46.895+09:00  INFO 16716 --- [quo_assignment_db] [    Test worker] o.s.t.web.servlet.TestDispatcherServlet  : Initializing Servlet ''
2025-01-10T00:05:46.896+09:00  INFO 16716 --- [quo_assignment_db] [    Test worker] o.s.t.web.servlet.TestDispatcherServlet  : Completed initialization in 0 ms
2025-01-10T00:05:46.907+09:00  INFO 16716 --- [quo_assignment_db] [    Test worker] o.s.mock.web.MockServletContext          : Initializing Spring TestDispatcherServlet ''
2025-01-10T00:05:46.907+09:00  INFO 16716 --- [quo_assignment_db] [    Test worker] o.s.t.web.servlet.TestDispatcherServlet  : Initializing Servlet ''
2025-01-10T00:05:46.907+09:00  INFO 16716 --- [quo_assignment_db] [    Test worker] o.s.t.web.servlet.TestDispatcherServlet  : Completed initialization in 0 ms
2025-01-10T00:05:46.927+09:00  INFO 16716 --- [quo_assignment_db] [    Test worker] o.s.mock.web.MockServletContext          : Initializing Spring TestDispatcherServlet ''
2025-01-10T00:05:46.927+09:00  INFO 16716 --- [quo_assignment_db] [    Test worker] o.s.t.web.servlet.TestDispatcherServlet  : Initializing Servlet ''
2025-01-10T00:05:46.927+09:00  INFO 16716 --- [quo_assignment_db] [    Test worker] o.s.t.web.servlet.TestDispatcherServlet  : Completed initialization in 0 ms
]]></system-out>
  <system-err><![CDATA[]]></system-err>
</testsuite>
