<?xml version="1.0" encoding="UTF-8"?>
<testsuite name="com.bookmanagementsystem.request.book.UpdateBookRequestTest" tests="7" skipped="0" failures="0" errors="0" timestamp="2025-01-09T08:10:46" hostname="DESKTOP-03LDBVA" time="0.018">
  <properties/>
  <testcase name="UpdateBookRequestのpriceに設定した値が入っていること" classname="com.bookmanagementsystem.request.book.UpdateBookRequestTest" time="0.002"/>
  <testcase name="UpdateBookRequestのtitleに設定した値が入っていること" classname="com.bookmanagementsystem.request.book.UpdateBookRequestTest" time="0.002"/>
  <testcase name="UpdateBookRequestのpublicationStatusに設定した値が入っていること" classname="com.bookmanagementsystem.request.book.UpdateBookRequestTest" time="0.002"/>
  <testcase name="UpdateBookRequestのdeleteFlgに設定した値が入っていること" classname="com.bookmanagementsystem.request.book.UpdateBookRequestTest" time="0.003"/>
  <testcase name="UpdateBookRequestのoperatorに設定した値が入っていること" classname="com.bookmanagementsystem.request.book.UpdateBookRequestTest" time="0.002"/>
  <testcase name="UpdateBookRequestのbookIdに設定した値が入っていること" classname="com.bookmanagementsystem.request.book.UpdateBookRequestTest" time="0.002"/>
  <testcase name="UpdateBookRequestのauthorIdListに設定した値が入っていること" classname="com.bookmanagementsystem.request.book.UpdateBookRequestTest" time="0.002"/>
  <system-out><![CDATA[2025-01-09T17:10:46.287+09:00  INFO 54956 --- [quo_assignment_db] [    Test worker] t.c.s.AnnotationConfigContextLoaderUtils : Could not detect default configuration classes for test class [com.bookmanagementsystem.request.book.UpdateBookRequestTest]: UpdateBookRequestTest does not declare any static, non-private, non-final, nested classes annotated with @Configuration.
2025-01-09T17:10:46.289+09:00  INFO 54956 --- [quo_assignment_db] [    Test worker] .b.t.c.SpringBootTestContextBootstrapper : Found @SpringBootConfiguration com.bookmanagementsystem.BootApplication for test class com.bookmanagementsystem.request.book.UpdateBookRequestTest
]]></system-out>
  <system-err><![CDATA[]]></system-err>
</testsuite>
