<?xml version="1.0" encoding="UTF-8"?>
<testsuite name="com.bookmanagementsystem.service.BookServiceTest" tests="6" skipped="0" failures="0" errors="0" timestamp="2025-01-09T15:05:50" hostname="DESKTOP-03LDBVA" time="0.027">
  <properties/>
  <testcase name="書籍登録処理の異常系" classname="com.bookmanagementsystem.service.BookServiceTest" time="0.004"/>
  <testcase name="書籍登録処理の正常系" classname="com.bookmanagementsystem.service.BookServiceTest" time="0.005"/>
  <testcase name="書籍更新処理の異常系" classname="com.bookmanagementsystem.service.BookServiceTest" time="0.003"/>
  <testcase name="書籍取得処理の正常系_返り値あり" classname="com.bookmanagementsystem.service.BookServiceTest" time="0.003"/>
  <testcase name="書籍更新処理の正常系" classname="com.bookmanagementsystem.service.BookServiceTest" time="0.003"/>
  <testcase name="書籍取得処理の正常系_返り値なし" classname="com.bookmanagementsystem.service.BookServiceTest" time="0.004"/>
  <system-out><![CDATA[2025-01-10T00:05:50.439+09:00  INFO 16716 --- [quo_assignment_db] [    Test worker] t.c.s.AnnotationConfigContextLoaderUtils : Could not detect default configuration classes for test class [com.bookmanagementsystem.service.BookServiceTest]: BookServiceTest does not declare any static, non-private, non-final, nested classes annotated with @Configuration.
2025-01-10T00:05:50.440+09:00  INFO 16716 --- [quo_assignment_db] [    Test worker] .b.t.c.SpringBootTestContextBootstrapper : Found @SpringBootConfiguration com.bookmanagementsystem.BootApplication for test class com.bookmanagementsystem.service.BookServiceTest
]]></system-out>
  <system-err><![CDATA[]]></system-err>
</testsuite>
