<?xml version="1.0" encoding="UTF-8"?>
<testsuite name="com.bookmanagementsystem.controller.BookControllerTest" tests="12" skipped="0" failures="0" errors="0" timestamp="2025-01-09T13:41:35" hostname="DESKTOP-03LDBVA" time="0.363">
  <properties/>
  <testcase name="getBookControllerの正常系" classname="com.bookmanagementsystem.controller.BookControllerTest" time="0.2"/>
  <testcase name="createBookControllerの異常系_INTERNAL_SERVER_ERROR" classname="com.bookmanagementsystem.controller.BookControllerTest" time="0.031"/>
  <testcase name="getBookFromAuthorControllerの正常系" classname="com.bookmanagementsystem.controller.BookControllerTest" time="0.011"/>
  <testcase name="updateBookControllerの正常系" classname="com.bookmanagementsystem.controller.BookControllerTest" time="0.012"/>
  <testcase name="createBookControllerの異常系_BAD_REQUEST" classname="com.bookmanagementsystem.controller.BookControllerTest" time="0.012"/>
  <testcase name="updateBookControllerの異常系_INTERNAL_SERVER_ERROR" classname="com.bookmanagementsystem.controller.BookControllerTest" time="0.011"/>
  <testcase name="getBookControllerの異常系_INTERNAL_SERVER_ERROR" classname="com.bookmanagementsystem.controller.BookControllerTest" time="0.01"/>
  <testcase name="getBookControllerの異常系_BAD_REQUEST" classname="com.bookmanagementsystem.controller.BookControllerTest" time="0.01"/>
  <testcase name="updateBookControllerの異常系_BAD_REQUEST" classname="com.bookmanagementsystem.controller.BookControllerTest" time="0.012"/>
  <testcase name="createBookControllerの正常系" classname="com.bookmanagementsystem.controller.BookControllerTest" time="0.012"/>
  <testcase name="getBookFromAuthorControllerの異常系_BAD_REQUEST" classname="com.bookmanagementsystem.controller.BookControllerTest" time="0.013"/>
  <testcase name="getBookFromAuthorControllerの異常系_INTERNAL_SERVER_ERROR" classname="com.bookmanagementsystem.controller.BookControllerTest" time="0.011"/>
  <system-out><![CDATA[22:41:32.944 [Test worker] INFO org.springframework.test.context.support.AnnotationConfigContextLoaderUtils -- Could not detect default configuration classes for test class [com.bookmanagementsystem.controller.BookControllerTest]: BookControllerTest does not declare any static, non-private, non-final, nested classes annotated with @Configuration.
22:41:33.083 [Test worker] INFO org.springframework.boot.test.context.SpringBootTestContextBootstrapper -- Found @SpringBootConfiguration com.bookmanagementsystem.BootApplication for test class com.bookmanagementsystem.controller.BookControllerTest

  .   ____          _            __ _ _
 /\\ / ___'_ __ _ _(_)_ __  __ _ \ \ \ \
( ( )\___ | '_ | '_| | '_ \/ _` | \ \ \ \
 \\/  ___)| |_)| | | | | || (_| |  ) ) ) )
  '  |____| .__|_| |_|_| |_\__, | / / / /
 =========|_|==============|___/=/_/_/_/

 :: Spring Boot ::                (v3.4.1)

2025-01-09T22:41:33.462+09:00  INFO 53336 --- [quo_assignment_db] [    Test worker] c.b.controller.BookControllerTest        : Starting BookControllerTest using Java 21.0.5 with PID 53336 (started by YUUTA in F:\development\BookManagementSystem)
2025-01-09T22:41:33.463+09:00  INFO 53336 --- [quo_assignment_db] [    Test worker] c.b.controller.BookControllerTest        : No active profile set, falling back to 1 default profile: "default"
2025-01-09T22:41:35.226+09:00  INFO 53336 --- [quo_assignment_db] [    Test worker] o.s.b.t.m.w.SpringBootMockServletContext : Initializing Spring TestDispatcherServlet ''
2025-01-09T22:41:35.226+09:00  INFO 53336 --- [quo_assignment_db] [    Test worker] o.s.t.web.servlet.TestDispatcherServlet  : Initializing Servlet ''
2025-01-09T22:41:35.229+09:00  INFO 53336 --- [quo_assignment_db] [    Test worker] o.s.t.web.servlet.TestDispatcherServlet  : Completed initialization in 1 ms
2025-01-09T22:41:35.264+09:00  INFO 53336 --- [quo_assignment_db] [    Test worker] c.b.controller.BookControllerTest        : Started BookControllerTest in 2.112 seconds (process running for 3.328)
2025-01-09T22:41:35.311+09:00  INFO 53336 --- [quo_assignment_db] [    Test worker] o.s.mock.web.MockServletContext          : Initializing Spring TestDispatcherServlet ''
2025-01-09T22:41:35.311+09:00  INFO 53336 --- [quo_assignment_db] [    Test worker] o.s.t.web.servlet.TestDispatcherServlet  : Initializing Servlet ''
2025-01-09T22:41:35.311+09:00  INFO 53336 --- [quo_assignment_db] [    Test worker] o.s.t.web.servlet.TestDispatcherServlet  : Completed initialization in 0 ms
2025-01-09T22:41:35.488+09:00  INFO 53336 --- [quo_assignment_db] [    Test worker] o.s.mock.web.MockServletContext          : Initializing Spring TestDispatcherServlet ''
2025-01-09T22:41:35.488+09:00  INFO 53336 --- [quo_assignment_db] [    Test worker] o.s.t.web.servlet.TestDispatcherServlet  : Initializing Servlet ''
2025-01-09T22:41:35.488+09:00  INFO 53336 --- [quo_assignment_db] [    Test worker] o.s.t.web.servlet.TestDispatcherServlet  : Completed initialization in 0 ms
2025-01-09T22:41:35.518+09:00  INFO 53336 --- [quo_assignment_db] [    Test worker] o.s.mock.web.MockServletContext          : Initializing Spring TestDispatcherServlet ''
2025-01-09T22:41:35.519+09:00  INFO 53336 --- [quo_assignment_db] [    Test worker] o.s.t.web.servlet.TestDispatcherServlet  : Initializing Servlet ''
2025-01-09T22:41:35.519+09:00  INFO 53336 --- [quo_assignment_db] [    Test worker] o.s.t.web.servlet.TestDispatcherServlet  : Completed initialization in 0 ms
2025-01-09T22:41:35.532+09:00  INFO 53336 --- [quo_assignment_db] [    Test worker] o.s.mock.web.MockServletContext          : Initializing Spring TestDispatcherServlet ''
2025-01-09T22:41:35.532+09:00  INFO 53336 --- [quo_assignment_db] [    Test worker] o.s.t.web.servlet.TestDispatcherServlet  : Initializing Servlet ''
2025-01-09T22:41:35.532+09:00  INFO 53336 --- [quo_assignment_db] [    Test worker] o.s.t.web.servlet.TestDispatcherServlet  : Completed initialization in 0 ms
2025-01-09T22:41:35.545+09:00  INFO 53336 --- [quo_assignment_db] [    Test worker] o.s.mock.web.MockServletContext          : Initializing Spring TestDispatcherServlet ''
2025-01-09T22:41:35.545+09:00  INFO 53336 --- [quo_assignment_db] [    Test worker] o.s.t.web.servlet.TestDispatcherServlet  : Initializing Servlet ''
2025-01-09T22:41:35.545+09:00  INFO 53336 --- [quo_assignment_db] [    Test worker] o.s.t.web.servlet.TestDispatcherServlet  : Completed initialization in 0 ms
2025-01-09T22:41:35.558+09:00  INFO 53336 --- [quo_assignment_db] [    Test worker] o.s.mock.web.MockServletContext          : Initializing Spring TestDispatcherServlet ''
2025-01-09T22:41:35.558+09:00  INFO 53336 --- [quo_assignment_db] [    Test worker] o.s.t.web.servlet.TestDispatcherServlet  : Initializing Servlet ''
2025-01-09T22:41:35.558+09:00  INFO 53336 --- [quo_assignment_db] [    Test worker] o.s.t.web.servlet.TestDispatcherServlet  : Completed initialization in 0 ms
2025-01-09T22:41:35.570+09:00  INFO 53336 --- [quo_assignment_db] [    Test worker] o.s.mock.web.MockServletContext          : Initializing Spring TestDispatcherServlet ''
2025-01-09T22:41:35.570+09:00  INFO 53336 --- [quo_assignment_db] [    Test worker] o.s.t.web.servlet.TestDispatcherServlet  : Initializing Servlet ''
2025-01-09T22:41:35.570+09:00  INFO 53336 --- [quo_assignment_db] [    Test worker] o.s.t.web.servlet.TestDispatcherServlet  : Completed initialization in 0 ms
2025-01-09T22:41:35.582+09:00  INFO 53336 --- [quo_assignment_db] [    Test worker] o.s.mock.web.MockServletContext          : Initializing Spring TestDispatcherServlet ''
2025-01-09T22:41:35.582+09:00  INFO 53336 --- [quo_assignment_db] [    Test worker] o.s.t.web.servlet.TestDispatcherServlet  : Initializing Servlet ''
2025-01-09T22:41:35.582+09:00  INFO 53336 --- [quo_assignment_db] [    Test worker] o.s.t.web.servlet.TestDispatcherServlet  : Completed initialization in 0 ms
2025-01-09T22:41:35.594+09:00  INFO 53336 --- [quo_assignment_db] [    Test worker] o.s.mock.web.MockServletContext          : Initializing Spring TestDispatcherServlet ''
2025-01-09T22:41:35.594+09:00  INFO 53336 --- [quo_assignment_db] [    Test worker] o.s.t.web.servlet.TestDispatcherServlet  : Initializing Servlet ''
2025-01-09T22:41:35.595+09:00  INFO 53336 --- [quo_assignment_db] [    Test worker] o.s.t.web.servlet.TestDispatcherServlet  : Completed initialization in 0 ms
2025-01-09T22:41:35.609+09:00  INFO 53336 --- [quo_assignment_db] [    Test worker] o.s.mock.web.MockServletContext          : Initializing Spring TestDispatcherServlet ''
2025-01-09T22:41:35.609+09:00  INFO 53336 --- [quo_assignment_db] [    Test worker] o.s.t.web.servlet.TestDispatcherServlet  : Initializing Servlet ''
2025-01-09T22:41:35.609+09:00  INFO 53336 --- [quo_assignment_db] [    Test worker] o.s.t.web.servlet.TestDispatcherServlet  : Completed initialization in 0 ms
2025-01-09T22:41:35.622+09:00  INFO 53336 --- [quo_assignment_db] [    Test worker] o.s.mock.web.MockServletContext          : Initializing Spring TestDispatcherServlet ''
2025-01-09T22:41:35.623+09:00  INFO 53336 --- [quo_assignment_db] [    Test worker] o.s.t.web.servlet.TestDispatcherServlet  : Initializing Servlet ''
2025-01-09T22:41:35.623+09:00  INFO 53336 --- [quo_assignment_db] [    Test worker] o.s.t.web.servlet.TestDispatcherServlet  : Completed initialization in 0 ms
2025-01-09T22:41:35.635+09:00  INFO 53336 --- [quo_assignment_db] [    Test worker] o.s.mock.web.MockServletContext          : Initializing Spring TestDispatcherServlet ''
2025-01-09T22:41:35.635+09:00  INFO 53336 --- [quo_assignment_db] [    Test worker] o.s.t.web.servlet.TestDispatcherServlet  : Initializing Servlet ''
2025-01-09T22:41:35.636+09:00  INFO 53336 --- [quo_assignment_db] [    Test worker] o.s.t.web.servlet.TestDispatcherServlet  : Completed initialization in 1 ms
]]></system-out>
  <system-err><![CDATA[Mockito is currently self-attaching to enable the inline-mock-maker. This will no longer work in future releases of the JDK. Please add Mockito as an agent to your build what is described in Mockito's documentation: https://javadoc.io/doc/org.mockito/mockito-core/latest/org/mockito/Mockito.html#0.3
WARNING: A Java agent has been loaded dynamically (C:\Users\YUUTA\.gradle\caches\modules-2\files-2.1\net.bytebuddy\byte-buddy-agent\1.15.11\a38b16385e867f59a641330f0362ebe742788ed8\byte-buddy-agent-1.15.11.jar)
WARNING: If a serviceability tool is in use, please run with -XX:+EnableDynamicAgentLoading to hide this warning
WARNING: If a serviceability tool is not in use, please run with -Djdk.instrument.traceUsage for more information
WARNING: Dynamic loading of agents will be disallowed by default in a future release
]]></system-err>
</testsuite>
