<?xml version="1.0" encoding="UTF-8"?>
<testsuite name="com.bookmanagementsystem.validator.BookValidatorTest" tests="4" skipped="0" failures="0" errors="0" timestamp="2025-01-05T16:56:32" hostname="DESKTOP-03LDBVA" time="0.8">
  <properties/>
  <testcase name="書籍取得処理のバリデーションチェックにて、全ての値が正常値の場合はエラーとならないこと" classname="com.bookmanagementsystem.validator.BookValidatorTest" time="0.766"/>
  <testcase name="書籍取得処理のバリデーションチェックにて、書籍IDがnullの場合はNullPointerExceptionが投げられること" classname="com.bookmanagementsystem.validator.BookValidatorTest" time="0.005"/>
  <testcase name="書籍登録処理のバリデーションチェックにて、全ての値が正常値の場合はエラーとならないこと" classname="com.bookmanagementsystem.validator.BookValidatorTest" time="0.023"/>
  <testcase name="書籍登録処理のバリデーションチェックにて、著者IDリストがnullの場合はNullPointerExceptionが投げられること" classname="com.bookmanagementsystem.validator.BookValidatorTest" time="0.002"/>
  <system-out><![CDATA[]]></system-out>
  <system-err><![CDATA[Mockito is currently self-attaching to enable the inline-mock-maker. This will no longer work in future releases of the JDK. Please add Mockito as an agent to your build what is described in Mockito's documentation: https://javadoc.io/doc/org.mockito/mockito-core/latest/org/mockito/Mockito.html#0.3
WARNING: A Java agent has been loaded dynamically (C:\Users\YUUTA\.gradle\caches\modules-2\files-2.1\net.bytebuddy\byte-buddy-agent\1.15.11\a38b16385e867f59a641330f0362ebe742788ed8\byte-buddy-agent-1.15.11.jar)
WARNING: If a serviceability tool is in use, please run with -XX:+EnableDynamicAgentLoading to hide this warning
WARNING: If a serviceability tool is not in use, please run with -Djdk.instrument.traceUsage for more information
WARNING: Dynamic loading of agents will be disallowed by default in a future release
]]></system-err>
</testsuite>
