<?xml version="1.0" encoding="UTF-8"?>
<testsuite name="com.bookmanagementsystem.entity.AuthorTest" tests="5" skipped="0" failures="0" errors="0" timestamp="2025-01-09T16:09:22" hostname="DESKTOP-03LDBVA" time="0.025">
  <properties/>
  <testcase name="Authorのbirthdayに設定した値が入っていること" classname="com.bookmanagementsystem.entity.AuthorTest" time="0.01"/>
  <testcase name="Authorのidに設定した値が入っていること" classname="com.bookmanagementsystem.entity.AuthorTest" time="0.002"/>
  <testcase name="AuthorのauthorNameに設定した値が入っていること" classname="com.bookmanagementsystem.entity.AuthorTest" time="0.003"/>
  <testcase name="AuthorのdeleteFlgに設定した値が入っていること" classname="com.bookmanagementsystem.entity.AuthorTest" time="0.003"/>
  <testcase name="Authorのoperatorに設定した値が入っていること" classname="com.bookmanagementsystem.entity.AuthorTest" time="0.002"/>
  <system-out><![CDATA[2025-01-10T01:09:22.919+09:00  INFO 18940 --- [quo_assignment_db] [    Test worker] t.c.s.AnnotationConfigContextLoaderUtils : Could not detect default configuration classes for test class [com.bookmanagementsystem.entity.AuthorTest]: AuthorTest does not declare any static, non-private, non-final, nested classes annotated with @Configuration.
2025-01-10T01:09:22.937+09:00  INFO 18940 --- [quo_assignment_db] [    Test worker] .b.t.c.SpringBootTestContextBootstrapper : Found @SpringBootConfiguration com.bookmanagementsystem.BootApplication for test class com.bookmanagementsystem.entity.AuthorTest
]]></system-out>
  <system-err><![CDATA[]]></system-err>
</testsuite>
