<?xml version="1.0" encoding="UTF-8"?>
<testsuite name="com.bookmanagementsystem.service.CommonServiceTest" tests="1" skipped="0" failures="0" errors="0" timestamp="2025-01-09T15:05:50" hostname="DESKTOP-03LDBVA" time="0.003">
  <properties/>
  <testcase name="getProcessingDateTimeを呼んだときに処理時刻が取得できること" classname="com.bookmanagementsystem.service.CommonServiceTest" time="0.003"/>
  <system-out><![CDATA[2025-01-10T00:05:50.471+09:00  INFO 16716 --- [quo_assignment_db] [    Test worker] t.c.s.AnnotationConfigContextLoaderUtils : Could not detect default configuration classes for test class [com.bookmanagementsystem.service.CommonServiceTest]: CommonServiceTest does not declare any static, non-private, non-final, nested classes annotated with @Configuration.
2025-01-10T00:05:50.472+09:00  INFO 16716 --- [quo_assignment_db] [    Test worker] .b.t.c.SpringBootTestContextBootstrapper : Found @SpringBootConfiguration com.bookmanagementsystem.BootApplication for test class com.bookmanagementsystem.service.CommonServiceTest
]]></system-out>
  <system-err><![CDATA[]]></system-err>
</testsuite>
