<?xml version="1.0" encoding="UTF-8"?>
<testsuite name="com.bookmanagementsystem.controller.BookControllerTest" tests="12" skipped="0" failures="0" errors="0" timestamp="2025-01-09T16:09:19" hostname="DESKTOP-03LDBVA" time="0.177">
  <properties/>
  <testcase name="getBookControllerの正常系" classname="com.bookmanagementsystem.controller.BookControllerTest" time="0.013"/>
  <testcase name="createBookControllerの異常系_INTERNAL_SERVER_ERROR" classname="com.bookmanagementsystem.controller.BookControllerTest" time="0.046"/>
  <testcase name="getBookFromAuthorControllerの正常系" classname="com.bookmanagementsystem.controller.BookControllerTest" time="0.012"/>
  <testcase name="updateBookControllerの正常系" classname="com.bookmanagementsystem.controller.BookControllerTest" time="0.01"/>
  <testcase name="createBookControllerの異常系_BAD_REQUEST" classname="com.bookmanagementsystem.controller.BookControllerTest" time="0.011"/>
  <testcase name="updateBookControllerの異常系_INTERNAL_SERVER_ERROR" classname="com.bookmanagementsystem.controller.BookControllerTest" time="0.011"/>
  <testcase name="getBookControllerの異常系_INTERNAL_SERVER_ERROR" classname="com.bookmanagementsystem.controller.BookControllerTest" time="0.01"/>
  <testcase name="getBookControllerの異常系_BAD_REQUEST" classname="com.bookmanagementsystem.controller.BookControllerTest" time="0.01"/>
  <testcase name="updateBookControllerの異常系_BAD_REQUEST" classname="com.bookmanagementsystem.controller.BookControllerTest" time="0.012"/>
  <testcase name="createBookControllerの正常系" classname="com.bookmanagementsystem.controller.BookControllerTest" time="0.01"/>
  <testcase name="getBookFromAuthorControllerの異常系_BAD_REQUEST" classname="com.bookmanagementsystem.controller.BookControllerTest" time="0.009"/>
  <testcase name="getBookFromAuthorControllerの異常系_INTERNAL_SERVER_ERROR" classname="com.bookmanagementsystem.controller.BookControllerTest" time="0.011"/>
  <system-out><![CDATA[2025-01-10T01:09:19.630+09:00  INFO 18940 --- [quo_assignment_db] [    Test worker] t.c.s.AnnotationConfigContextLoaderUtils : Could not detect default configuration classes for test class [com.bookmanagementsystem.controller.BookControllerTest]: BookControllerTest does not declare any static, non-private, non-final, nested classes annotated with @Configuration.
2025-01-10T01:09:19.642+09:00  INFO 18940 --- [quo_assignment_db] [    Test worker] .b.t.c.SpringBootTestContextBootstrapper : Found @SpringBootConfiguration com.bookmanagementsystem.BootApplication for test class com.bookmanagementsystem.controller.BookControllerTest

  .   ____          _            __ _ _
 /\\ / ___'_ __ _ _(_)_ __  __ _ \ \ \ \
( ( )\___ | '_ | '_| | '_ \/ _` | \ \ \ \
 \\/  ___)| |_)| | | | | || (_| |  ) ) ) )
  '  |____| .__|_| |_|_| |_\__, | / / / /
 =========|_|==============|___/=/_/_/_/

 :: Spring Boot ::                (v3.4.1)

2025-01-10T01:09:19.684+09:00  INFO 18940 --- [quo_assignment_db] [    Test worker] c.b.controller.BookControllerTest        : Starting BookControllerTest using Java 21.0.5 with PID 18940 (started by YUUTA in F:\development\BookManagementSystem)
2025-01-10T01:09:19.685+09:00  INFO 18940 --- [quo_assignment_db] [    Test worker] c.b.controller.BookControllerTest        : No active profile set, falling back to 1 default profile: "default"
2025-01-10T01:09:19.978+09:00  INFO 18940 --- [quo_assignment_db] [    Test worker] o.s.b.t.m.w.SpringBootMockServletContext : Initializing Spring TestDispatcherServlet ''
2025-01-10T01:09:19.978+09:00  INFO 18940 --- [quo_assignment_db] [    Test worker] o.s.t.web.servlet.TestDispatcherServlet  : Initializing Servlet ''
2025-01-10T01:09:19.979+09:00  INFO 18940 --- [quo_assignment_db] [    Test worker] o.s.t.web.servlet.TestDispatcherServlet  : Completed initialization in 1 ms
2025-01-10T01:09:19.986+09:00  INFO 18940 --- [quo_assignment_db] [    Test worker] c.b.controller.BookControllerTest        : Started BookControllerTest in 0.338 seconds (process running for 4.543)
2025-01-10T01:09:19.998+09:00  INFO 18940 --- [quo_assignment_db] [    Test worker] o.s.mock.web.MockServletContext          : Initializing Spring TestDispatcherServlet ''
2025-01-10T01:09:19.998+09:00  INFO 18940 --- [quo_assignment_db] [    Test worker] o.s.t.web.servlet.TestDispatcherServlet  : Initializing Servlet ''
2025-01-10T01:09:19.998+09:00  INFO 18940 --- [quo_assignment_db] [    Test worker] o.s.t.web.servlet.TestDispatcherServlet  : Completed initialization in 0 ms
2025-01-10T01:09:20.010+09:00  INFO 18940 --- [quo_assignment_db] [    Test worker] o.s.mock.web.MockServletContext          : Initializing Spring TestDispatcherServlet ''
2025-01-10T01:09:20.011+09:00  INFO 18940 --- [quo_assignment_db] [    Test worker] o.s.t.web.servlet.TestDispatcherServlet  : Initializing Servlet ''
2025-01-10T01:09:20.011+09:00  INFO 18940 --- [quo_assignment_db] [    Test worker] o.s.t.web.servlet.TestDispatcherServlet  : Completed initialization in 0 ms
2025-01-10T01:09:20.057+09:00  INFO 18940 --- [quo_assignment_db] [    Test worker] o.s.mock.web.MockServletContext          : Initializing Spring TestDispatcherServlet ''
2025-01-10T01:09:20.057+09:00  INFO 18940 --- [quo_assignment_db] [    Test worker] o.s.t.web.servlet.TestDispatcherServlet  : Initializing Servlet ''
2025-01-10T01:09:20.057+09:00  INFO 18940 --- [quo_assignment_db] [    Test worker] o.s.t.web.servlet.TestDispatcherServlet  : Completed initialization in 0 ms
2025-01-10T01:09:20.070+09:00  INFO 18940 --- [quo_assignment_db] [    Test worker] o.s.mock.web.MockServletContext          : Initializing Spring TestDispatcherServlet ''
2025-01-10T01:09:20.070+09:00  INFO 18940 --- [quo_assignment_db] [    Test worker] o.s.t.web.servlet.TestDispatcherServlet  : Initializing Servlet ''
2025-01-10T01:09:20.070+09:00  INFO 18940 --- [quo_assignment_db] [    Test worker] o.s.t.web.servlet.TestDispatcherServlet  : Completed initialization in 0 ms
2025-01-10T01:09:20.082+09:00  INFO 18940 --- [quo_assignment_db] [    Test worker] o.s.mock.web.MockServletContext          : Initializing Spring TestDispatcherServlet ''
2025-01-10T01:09:20.082+09:00  INFO 18940 --- [quo_assignment_db] [    Test worker] o.s.t.web.servlet.TestDispatcherServlet  : Initializing Servlet ''
2025-01-10T01:09:20.082+09:00  INFO 18940 --- [quo_assignment_db] [    Test worker] o.s.t.web.servlet.TestDispatcherServlet  : Completed initialization in 0 ms
2025-01-10T01:09:20.094+09:00  INFO 18940 --- [quo_assignment_db] [    Test worker] o.s.mock.web.MockServletContext          : Initializing Spring TestDispatcherServlet ''
2025-01-10T01:09:20.095+09:00  INFO 18940 --- [quo_assignment_db] [    Test worker] o.s.t.web.servlet.TestDispatcherServlet  : Initializing Servlet ''
2025-01-10T01:09:20.095+09:00  INFO 18940 --- [quo_assignment_db] [    Test worker] o.s.t.web.servlet.TestDispatcherServlet  : Completed initialization in 0 ms
2025-01-10T01:09:20.106+09:00  INFO 18940 --- [quo_assignment_db] [    Test worker] o.s.mock.web.MockServletContext          : Initializing Spring TestDispatcherServlet ''
2025-01-10T01:09:20.106+09:00  INFO 18940 --- [quo_assignment_db] [    Test worker] o.s.t.web.servlet.TestDispatcherServlet  : Initializing Servlet ''
2025-01-10T01:09:20.106+09:00  INFO 18940 --- [quo_assignment_db] [    Test worker] o.s.t.web.servlet.TestDispatcherServlet  : Completed initialization in 0 ms
2025-01-10T01:09:20.117+09:00  INFO 18940 --- [quo_assignment_db] [    Test worker] o.s.mock.web.MockServletContext          : Initializing Spring TestDispatcherServlet ''
2025-01-10T01:09:20.117+09:00  INFO 18940 --- [quo_assignment_db] [    Test worker] o.s.t.web.servlet.TestDispatcherServlet  : Initializing Servlet ''
2025-01-10T01:09:20.117+09:00  INFO 18940 --- [quo_assignment_db] [    Test worker] o.s.t.web.servlet.TestDispatcherServlet  : Completed initialization in 0 ms
2025-01-10T01:09:20.129+09:00  INFO 18940 --- [quo_assignment_db] [    Test worker] o.s.mock.web.MockServletContext          : Initializing Spring TestDispatcherServlet ''
2025-01-10T01:09:20.130+09:00  INFO 18940 --- [quo_assignment_db] [    Test worker] o.s.t.web.servlet.TestDispatcherServlet  : Initializing Servlet ''
2025-01-10T01:09:20.130+09:00  INFO 18940 --- [quo_assignment_db] [    Test worker] o.s.t.web.servlet.TestDispatcherServlet  : Completed initialization in 0 ms
2025-01-10T01:09:20.140+09:00  INFO 18940 --- [quo_assignment_db] [    Test worker] o.s.mock.web.MockServletContext          : Initializing Spring TestDispatcherServlet ''
2025-01-10T01:09:20.140+09:00  INFO 18940 --- [quo_assignment_db] [    Test worker] o.s.t.web.servlet.TestDispatcherServlet  : Initializing Servlet ''
2025-01-10T01:09:20.140+09:00  INFO 18940 --- [quo_assignment_db] [    Test worker] o.s.t.web.servlet.TestDispatcherServlet  : Completed initialization in 0 ms
2025-01-10T01:09:20.150+09:00  INFO 18940 --- [quo_assignment_db] [    Test worker] o.s.mock.web.MockServletContext          : Initializing Spring TestDispatcherServlet ''
2025-01-10T01:09:20.152+09:00  INFO 18940 --- [quo_assignment_db] [    Test worker] o.s.t.web.servlet.TestDispatcherServlet  : Initializing Servlet ''
2025-01-10T01:09:20.152+09:00  INFO 18940 --- [quo_assignment_db] [    Test worker] o.s.t.web.servlet.TestDispatcherServlet  : Completed initialization in 0 ms
2025-01-10T01:09:20.163+09:00  INFO 18940 --- [quo_assignment_db] [    Test worker] o.s.mock.web.MockServletContext          : Initializing Spring TestDispatcherServlet ''
2025-01-10T01:09:20.163+09:00  INFO 18940 --- [quo_assignment_db] [    Test worker] o.s.t.web.servlet.TestDispatcherServlet  : Initializing Servlet ''
2025-01-10T01:09:20.163+09:00  INFO 18940 --- [quo_assignment_db] [    Test worker] o.s.t.web.servlet.TestDispatcherServlet  : Completed initialization in 0 ms
]]></system-out>
  <system-err><![CDATA[]]></system-err>
</testsuite>
