<?xml version="1.0" encoding="UTF-8"?>
<testsuite name="com.bookmanagementsystem.response.book.GetBookResponseTest" tests="5" skipped="0" failures="0" errors="0" timestamp="2025-01-09T16:09:24" hostname="DESKTOP-03LDBVA" time="0.011">
  <properties/>
  <testcase name="GetBookResponseのpriceに設定した値が入っていること" classname="com.bookmanagementsystem.response.book.GetBookResponseTest" time="0.001"/>
  <testcase name="GetBookResponseのtitleに設定した値が入っていること" classname="com.bookmanagementsystem.response.book.GetBookResponseTest" time="0.002"/>
  <testcase name="GetBookResponseのpublicationStatusに設定した値が入っていること" classname="com.bookmanagementsystem.response.book.GetBookResponseTest" time="0.001"/>
  <testcase name="GetBookResponseのbookIdに設定した値が入っていること" classname="com.bookmanagementsystem.response.book.GetBookResponseTest" time="0.001"/>
  <testcase name="GetBookResponseのauthorIdListに設定した値が入っていること" classname="com.bookmanagementsystem.response.book.GetBookResponseTest" time="0.002"/>
  <system-out><![CDATA[2025-01-10T01:09:24.760+09:00  INFO 18940 --- [quo_assignment_db] [    Test worker] t.c.s.AnnotationConfigContextLoaderUtils : Could not detect default configuration classes for test class [com.bookmanagementsystem.response.book.GetBookResponseTest]: GetBookResponseTest does not declare any static, non-private, non-final, nested classes annotated with @Configuration.
2025-01-10T01:09:24.764+09:00  INFO 18940 --- [quo_assignment_db] [    Test worker] .b.t.c.SpringBootTestContextBootstrapper : Found @SpringBootConfiguration com.bookmanagementsystem.BootApplication for test class com.bookmanagementsystem.response.book.GetBookResponseTest
]]></system-out>
  <system-err><![CDATA[]]></system-err>
</testsuite>
