<?xml version="1.0" encoding="UTF-8"?>
<testsuite name="com.bookmanagementsystem.dto.AuthorIndexDtoTest" tests="7" skipped="0" failures="0" errors="0" timestamp="2025-01-09T13:41:38" hostname="DESKTOP-03LDBVA" time="0.027">
  <properties/>
  <testcase name="AuthorIndexDtoのauthorIdに設定した値が入っていること" classname="com.bookmanagementsystem.dto.AuthorIndexDtoTest" time="0.006"/>
  <testcase name="AuthorIndexDtoのupdatedAtに設定した値が入っていること" classname="com.bookmanagementsystem.dto.AuthorIndexDtoTest" time="0.004"/>
  <testcase name="AuthorIndexDtoのupdatedByに設定した値が入っていること" classname="com.bookmanagementsystem.dto.AuthorIndexDtoTest" time="0.003"/>
  <testcase name="AuthorIndexDtoのdeleteFlgに設定した値が入っていること" classname="com.bookmanagementsystem.dto.AuthorIndexDtoTest" time="0.003"/>
  <testcase name="AuthorIndexDtoのbookIdに設定した値が入っていること" classname="com.bookmanagementsystem.dto.AuthorIndexDtoTest" time="0.003"/>
  <testcase name="AuthorIndexDtoのcreatedAtに設定した値が入っていること" classname="com.bookmanagementsystem.dto.AuthorIndexDtoTest" time="0.003"/>
  <testcase name="AuthorIndexDtoのCreatedByに設定した値が入っていること" classname="com.bookmanagementsystem.dto.AuthorIndexDtoTest" time="0.002"/>
  <system-out><![CDATA[2025-01-09T22:41:36.086+09:00  INFO 53336 --- [quo_assignment_db] [    Test worker] t.c.s.AnnotationConfigContextLoaderUtils : Could not detect default configuration classes for test class [com.bookmanagementsystem.dto.AuthorIndexDtoTest]: AuthorIndexDtoTest does not declare any static, non-private, non-final, nested classes annotated with @Configuration.
2025-01-09T22:41:36.098+09:00  INFO 53336 --- [quo_assignment_db] [    Test worker] .b.t.c.SpringBootTestContextBootstrapper : Found @SpringBootConfiguration com.bookmanagementsystem.BootApplication for test class com.bookmanagementsystem.dto.AuthorIndexDtoTest

  .   ____          _            __ _ _
 /\\ / ___'_ __ _ _(_)_ __  __ _ \ \ \ \
( ( )\___ | '_ | '_| | '_ \/ _` | \ \ \ \
 \\/  ___)| |_)| | | | | || (_| |  ) ) ) )
  '  |____| .__|_| |_|_| |_\__, | / / / /
 =========|_|==============|___/=/_/_/_/

 :: Spring Boot ::                (v3.4.1)

2025-01-09T22:41:36.119+09:00  INFO 53336 --- [quo_assignment_db] [    Test worker] c.b.dto.AuthorIndexDtoTest               : Starting AuthorIndexDtoTest using Java 21.0.5 with PID 53336 (started by YUUTA in F:\development\BookManagementSystem)
2025-01-09T22:41:36.119+09:00  INFO 53336 --- [quo_assignment_db] [    Test worker] c.b.dto.AuthorIndexDtoTest               : No active profile set, falling back to 1 default profile: "default"
2025-01-09T22:41:36.904+09:00  INFO 53336 --- [quo_assignment_db] [    Test worker] com.zaxxer.hikari.HikariDataSource       : HikariPool-1 - Starting...
2025-01-09T22:41:37.211+09:00  INFO 53336 --- [quo_assignment_db] [    Test worker] com.zaxxer.hikari.pool.HikariPool        : HikariPool-1 - Added connection org.postgresql.jdbc.PgConnection@77cd1f67
2025-01-09T22:41:37.213+09:00  INFO 53336 --- [quo_assignment_db] [    Test worker] com.zaxxer.hikari.HikariDataSource       : HikariPool-1 - Start completed.
2025-01-09T22:41:37.237+09:00  INFO 53336 --- [quo_assignment_db] [    Test worker] org.flywaydb.core.FlywayExecutor         : Database: jdbc:postgresql://localhost:5432/quo_assignment_db (PostgreSQL 17.2)
2025-01-09T22:41:37.269+09:00  INFO 53336 --- [quo_assignment_db] [    Test worker] o.f.core.internal.command.DbValidate     : Successfully validated 0 migrations (execution time 00:00.013s)
2025-01-09T22:41:37.269+09:00  WARN 53336 --- [quo_assignment_db] [    Test worker] o.f.core.internal.command.DbValidate     : No migrations found. Are your locations set up correctly?
2025-01-09T22:41:37.454+09:00  INFO 53336 --- [quo_assignment_db] [    Test worker] o.f.core.internal.command.DbMigrate      : Current version of schema "public": << Empty Schema >>
2025-01-09T22:41:37.457+09:00  INFO 53336 --- [quo_assignment_db] [    Test worker] o.f.core.internal.command.DbMigrate      : Schema "public" is up to date. No migration necessary.
2025-01-09T22:41:38.254+09:00  INFO 53336 --- [quo_assignment_db] [    Test worker] c.b.dto.AuthorIndexDtoTest               : Started AuthorIndexDtoTest in 2.152 seconds (process running for 6.319)
]]></system-out>
  <system-err><![CDATA[]]></system-err>
</testsuite>
