<?xml version="1.0" encoding="UTF-8"?>
<testsuite name="com.bookmanagementsystem.response.book.UpdateBookResponseTest" tests="1" skipped="0" failures="0" errors="0" timestamp="2025-01-09T16:09:24" hostname="DESKTOP-03LDBVA" time="0.002">
  <properties/>
  <testcase name="UpdateBookResponseのbookIdに設定した値が入っていること" classname="com.bookmanagementsystem.response.book.UpdateBookResponseTest" time="0.002"/>
  <system-out><![CDATA[2025-01-10T01:09:24.778+09:00  INFO 18940 --- [quo_assignment_db] [    Test worker] t.c.s.AnnotationConfigContextLoaderUtils : Could not detect default configuration classes for test class [com.bookmanagementsystem.response.book.UpdateBookResponseTest]: UpdateBookResponseTest does not declare any static, non-private, non-final, nested classes annotated with @Configuration.
2025-01-10T01:09:24.780+09:00  INFO 18940 --- [quo_assignment_db] [    Test worker] .b.t.c.SpringBootTestContextBootstrapper : Found @SpringBootConfiguration com.bookmanagementsystem.BootApplication for test class com.bookmanagementsystem.response.book.UpdateBookResponseTest
]]></system-out>
  <system-err><![CDATA[]]></system-err>
</testsuite>
