<?xml version="1.0" encoding="UTF-8"?>
<testsuite name="com.bookmanagementsystem.validator.CommonValidatorTest" tests="2" skipped="0" failures="0" errors="0" timestamp="2025-01-09T08:10:46" hostname="DESKTOP-03LDBVA" time="0.003">
  <properties/>
  <testcase name="操作者の必須チェックにて、値が入っていない場合はNullPointerExceptionが投げられること" classname="com.bookmanagementsystem.validator.CommonValidatorTest" time="0.002"/>
  <testcase name="操作者の必須チェックにて、値が入っている場合はエラーとならないこと" classname="com.bookmanagementsystem.validator.CommonValidatorTest" time="0.001"/>
  <system-out><![CDATA[2025-01-09T17:10:46.601+09:00  INFO 54956 --- [quo_assignment_db] [    Test worker] t.c.s.AnnotationConfigContextLoaderUtils : Could not detect default configuration classes for test class [com.bookmanagementsystem.validator.CommonValidatorTest]: CommonValidatorTest does not declare any static, non-private, non-final, nested classes annotated with @Configuration.
2025-01-09T17:10:46.602+09:00  INFO 54956 --- [quo_assignment_db] [    Test worker] .b.t.c.SpringBootTestContextBootstrapper : Found @SpringBootConfiguration com.bookmanagementsystem.BootApplication for test class com.bookmanagementsystem.validator.CommonValidatorTest
]]></system-out>
  <system-err><![CDATA[]]></system-err>
</testsuite>
