<?xml version="1.0" encoding="UTF-8"?>
<testsuite name="com.bookmanagementsystem.repositoryImpl.BooksInfoRepositoryImplTest" tests="4" skipped="0" failures="0" errors="0" timestamp="2025-01-07T17:05:32" hostname="DESKTOP-03LDBVA" time="0.025">
  <properties/>
  <testcase name="書籍取得処理の正常系_返り値なし" classname="com.bookmanagementsystem.repositoryImpl.BooksInfoRepositoryImplTest" time="0.005"/>
  <testcase name="書籍登録処理の正常系" classname="com.bookmanagementsystem.repositoryImpl.BooksInfoRepositoryImplTest" time="0.005"/>
  <testcase name="書籍取得処理の正常系_返り値あり" classname="com.bookmanagementsystem.repositoryImpl.BooksInfoRepositoryImplTest" time="0.005"/>
  <testcase name="書籍更新処理の正常系" classname="com.bookmanagementsystem.repositoryImpl.BooksInfoRepositoryImplTest" time="0.005"/>
  <system-out><![CDATA[2025-01-08T02:05:32.384+09:00  INFO 15412 --- [quo_assignment_db] [    Test worker] t.c.s.AnnotationConfigContextLoaderUtils : Could not detect default configuration classes for test class [com.bookmanagementsystem.repositoryImpl.BooksInfoRepositoryImplTest]: BooksInfoRepositoryImplTest does not declare any static, non-private, non-final, nested classes annotated with @Configuration.
2025-01-08T02:05:32.387+09:00  INFO 15412 --- [quo_assignment_db] [    Test worker] .b.t.c.SpringBootTestContextBootstrapper : Found @SpringBootConfiguration com.bookmanagementsystem.BootApplication for test class com.bookmanagementsystem.repositoryImpl.BooksInfoRepositoryImplTest
]]></system-out>
  <system-err><![CDATA[]]></system-err>
</testsuite>
