<?xml version="1.0" encoding="UTF-8"?>
<testsuite name="com.bookmanagementsystem.dto.AuthorsInfoDtoTest" tests="8" skipped="0" failures="0" errors="0" timestamp="2025-01-07T17:05:30" hostname="DESKTOP-03LDBVA" time="0.044">
  <properties/>
  <testcase name="AuthorsInfoDtoのbirthdayに設定した値が入っていること" classname="com.bookmanagementsystem.dto.AuthorsInfoDtoTest" time="0.005"/>
  <testcase name="AuthorsInfoDtoのidに設定した値が入っていること" classname="com.bookmanagementsystem.dto.AuthorsInfoDtoTest" time="0.005"/>
  <testcase name="AuthorsInfoDtoのupdatedAtに設定した値が入っていること" classname="com.bookmanagementsystem.dto.AuthorsInfoDtoTest" time="0.003"/>
  <testcase name="AuthorsInfoDtoのupdatedByに設定した値が入っていること" classname="com.bookmanagementsystem.dto.AuthorsInfoDtoTest" time="0.004"/>
  <testcase name="AuthorsInfoDtoのauthorNameに設定した値が入っていること" classname="com.bookmanagementsystem.dto.AuthorsInfoDtoTest" time="0.004"/>
  <testcase name="AuthorsInfoDtoのdeleteFlgに設定した値が入っていること" classname="com.bookmanagementsystem.dto.AuthorsInfoDtoTest" time="0.004"/>
  <testcase name="AuthorsInfoDtoのcreatedAtに設定した値が入っていること" classname="com.bookmanagementsystem.dto.AuthorsInfoDtoTest" time="0.004"/>
  <testcase name="AuthorsInfoDtoのcreatedByに設定した値が入っていること" classname="com.bookmanagementsystem.dto.AuthorsInfoDtoTest" time="0.004"/>
  <system-out><![CDATA[2025-01-08T02:05:30.571+09:00  INFO 15412 --- [quo_assignment_db] [    Test worker] t.c.s.AnnotationConfigContextLoaderUtils : Could not detect default configuration classes for test class [com.bookmanagementsystem.dto.AuthorsInfoDtoTest]: AuthorsInfoDtoTest does not declare any static, non-private, non-final, nested classes annotated with @Configuration.
2025-01-08T02:05:30.574+09:00  INFO 15412 --- [quo_assignment_db] [    Test worker] .b.t.c.SpringBootTestContextBootstrapper : Found @SpringBootConfiguration com.bookmanagementsystem.BootApplication for test class com.bookmanagementsystem.dto.AuthorsInfoDtoTest
]]></system-out>
  <system-err><![CDATA[]]></system-err>
</testsuite>
