<?xml version="1.0" encoding="UTF-8"?>
<testsuite name="com.bookmanagementsystem.response.book.CreateBookResponseTest" tests="1" skipped="0" failures="0" errors="0" timestamp="2025-01-09T13:41:39" hostname="DESKTOP-03LDBVA" time="0.001">
  <properties/>
  <testcase name="CreateBookResponseのbookIdに設定した値が入っていること" classname="com.bookmanagementsystem.response.book.CreateBookResponseTest" time="0.001"/>
  <system-out><![CDATA[2025-01-09T22:41:39.682+09:00  INFO 53336 --- [quo_assignment_db] [    Test worker] t.c.s.AnnotationConfigContextLoaderUtils : Could not detect default configuration classes for test class [com.bookmanagementsystem.response.book.CreateBookResponseTest]: CreateBookResponseTest does not declare any static, non-private, non-final, nested classes annotated with @Configuration.
2025-01-09T22:41:39.692+09:00  INFO 53336 --- [quo_assignment_db] [    Test worker] .b.t.c.SpringBootTestContextBootstrapper : Found @SpringBootConfiguration com.bookmanagementsystem.BootApplication for test class com.bookmanagementsystem.response.book.CreateBookResponseTest
]]></system-out>
  <system-err><![CDATA[]]></system-err>
</testsuite>
