<?xml version="1.0" encoding="UTF-8"?>
<testsuite name="com.bookmanagementsystem.response.book.CreateBookResponseTest" tests="1" skipped="0" failures="0" errors="0" timestamp="2025-01-07T17:05:32" hostname="DESKTOP-03LDBVA" time="0.003">
  <properties/>
  <testcase name="CreateBookResponseのbookIdに設定した値が入っていること" classname="com.bookmanagementsystem.response.book.CreateBookResponseTest" time="0.003"/>
  <system-out><![CDATA[2025-01-08T02:05:32.685+09:00  INFO 15412 --- [quo_assignment_db] [    Test worker] t.c.s.AnnotationConfigContextLoaderUtils : Could not detect default configuration classes for test class [com.bookmanagementsystem.response.book.CreateBookResponseTest]: CreateBookResponseTest does not declare any static, non-private, non-final, nested classes annotated with @Configuration.
2025-01-08T02:05:32.699+09:00  INFO 15412 --- [quo_assignment_db] [    Test worker] .b.t.c.SpringBootTestContextBootstrapper : Found @SpringBootConfiguration com.bookmanagementsystem.BootApplication for test class com.bookmanagementsystem.response.book.CreateBookResponseTest
]]></system-out>
  <system-err><![CDATA[]]></system-err>
</testsuite>
