<?xml version="1.0" encoding="UTF-8"?>
<testsuite name="com.bookmanagementsystem.controller.AuthorControllerTest" tests="9" skipped="0" failures="0" errors="0" timestamp="2025-01-09T13:41:35" hostname="DESKTOP-03LDBVA" time="0.103">
  <properties/>
  <testcase name="getAuthorの異常系_BAD_REQUEST" classname="com.bookmanagementsystem.controller.AuthorControllerTest" time="0.014"/>
  <testcase name="createAuthorControllerの異常系_INTERNAL_SERVER_ERROR" classname="com.bookmanagementsystem.controller.AuthorControllerTest" time="0.01"/>
  <testcase name="getAuthorの異常系_INTERNAL_SERVER_ERROR" classname="com.bookmanagementsystem.controller.AuthorControllerTest" time="0.01"/>
  <testcase name="updateAuthorControllerの異常系_INTERNAL_SERVER_ERROR" classname="com.bookmanagementsystem.controller.AuthorControllerTest" time="0.01"/>
  <testcase name="getAuthorの正常系" classname="com.bookmanagementsystem.controller.AuthorControllerTest" time="0.011"/>
  <testcase name="updateAuthorControllerの正常系" classname="com.bookmanagementsystem.controller.AuthorControllerTest" time="0.011"/>
  <testcase name="updateAuthorControllerの異常系_BAD_REQUEST" classname="com.bookmanagementsystem.controller.AuthorControllerTest" time="0.012"/>
  <testcase name="createAuthorControllerの正常系" classname="com.bookmanagementsystem.controller.AuthorControllerTest" time="0.009"/>
  <testcase name="createAuthorControllerの異常系_BAD_REQUEST" classname="com.bookmanagementsystem.controller.AuthorControllerTest" time="0.008"/>
  <system-out><![CDATA[2025-01-09T22:41:35.647+09:00  INFO 53336 --- [quo_assignment_db] [    Test worker] t.c.s.AnnotationConfigContextLoaderUtils : Could not detect default configuration classes for test class [com.bookmanagementsystem.controller.AuthorControllerTest]: AuthorControllerTest does not declare any static, non-private, non-final, nested classes annotated with @Configuration.
2025-01-09T22:41:35.666+09:00  INFO 53336 --- [quo_assignment_db] [    Test worker] .b.t.c.SpringBootTestContextBootstrapper : Found @SpringBootConfiguration com.bookmanagementsystem.BootApplication for test class com.bookmanagementsystem.controller.AuthorControllerTest

  .   ____          _            __ _ _
 /\\ / ___'_ __ _ _(_)_ __  __ _ \ \ \ \
( ( )\___ | '_ | '_| | '_ \/ _` | \ \ \ \
 \\/  ___)| |_)| | | | | || (_| |  ) ) ) )
  '  |____| .__|_| |_|_| |_\__, | / / / /
 =========|_|==============|___/=/_/_/_/

 :: Spring Boot ::                (v3.4.1)

2025-01-09T22:41:35.694+09:00  INFO 53336 --- [quo_assignment_db] [    Test worker] c.b.controller.AuthorControllerTest      : Starting AuthorControllerTest using Java 21.0.5 with PID 53336 (started by YUUTA in F:\development\BookManagementSystem)
2025-01-09T22:41:35.694+09:00  INFO 53336 --- [quo_assignment_db] [    Test worker] c.b.controller.AuthorControllerTest      : No active profile set, falling back to 1 default profile: "default"
2025-01-09T22:41:35.971+09:00  INFO 53336 --- [quo_assignment_db] [    Test worker] o.s.b.t.m.w.SpringBootMockServletContext : Initializing Spring TestDispatcherServlet ''
2025-01-09T22:41:35.971+09:00  INFO 53336 --- [quo_assignment_db] [    Test worker] o.s.t.web.servlet.TestDispatcherServlet  : Initializing Servlet ''
2025-01-09T22:41:35.972+09:00  INFO 53336 --- [quo_assignment_db] [    Test worker] o.s.t.web.servlet.TestDispatcherServlet  : Completed initialization in 1 ms
2025-01-09T22:41:35.979+09:00  INFO 53336 --- [quo_assignment_db] [    Test worker] c.b.controller.AuthorControllerTest      : Started AuthorControllerTest in 0.308 seconds (process running for 4.043)
2025-01-09T22:41:35.990+09:00  INFO 53336 --- [quo_assignment_db] [    Test worker] o.s.mock.web.MockServletContext          : Initializing Spring TestDispatcherServlet ''
2025-01-09T22:41:35.991+09:00  INFO 53336 --- [quo_assignment_db] [    Test worker] o.s.t.web.servlet.TestDispatcherServlet  : Initializing Servlet ''
2025-01-09T22:41:35.991+09:00  INFO 53336 --- [quo_assignment_db] [    Test worker] o.s.t.web.servlet.TestDispatcherServlet  : Completed initialization in 0 ms
2025-01-09T22:41:36.002+09:00  INFO 53336 --- [quo_assignment_db] [    Test worker] o.s.mock.web.MockServletContext          : Initializing Spring TestDispatcherServlet ''
2025-01-09T22:41:36.002+09:00  INFO 53336 --- [quo_assignment_db] [    Test worker] o.s.t.web.servlet.TestDispatcherServlet  : Initializing Servlet ''
2025-01-09T22:41:36.003+09:00  INFO 53336 --- [quo_assignment_db] [    Test worker] o.s.t.web.servlet.TestDispatcherServlet  : Completed initialization in 1 ms
2025-01-09T22:41:36.014+09:00  INFO 53336 --- [quo_assignment_db] [    Test worker] o.s.mock.web.MockServletContext          : Initializing Spring TestDispatcherServlet ''
2025-01-09T22:41:36.014+09:00  INFO 53336 --- [quo_assignment_db] [    Test worker] o.s.t.web.servlet.TestDispatcherServlet  : Initializing Servlet ''
2025-01-09T22:41:36.014+09:00  INFO 53336 --- [quo_assignment_db] [    Test worker] o.s.t.web.servlet.TestDispatcherServlet  : Completed initialization in 0 ms
2025-01-09T22:41:36.025+09:00  INFO 53336 --- [quo_assignment_db] [    Test worker] o.s.mock.web.MockServletContext          : Initializing Spring TestDispatcherServlet ''
2025-01-09T22:41:36.025+09:00  INFO 53336 --- [quo_assignment_db] [    Test worker] o.s.t.web.servlet.TestDispatcherServlet  : Initializing Servlet ''
2025-01-09T22:41:36.026+09:00  INFO 53336 --- [quo_assignment_db] [    Test worker] o.s.t.web.servlet.TestDispatcherServlet  : Completed initialization in 1 ms
2025-01-09T22:41:36.036+09:00  INFO 53336 --- [quo_assignment_db] [    Test worker] o.s.mock.web.MockServletContext          : Initializing Spring TestDispatcherServlet ''
2025-01-09T22:41:36.036+09:00  INFO 53336 --- [quo_assignment_db] [    Test worker] o.s.t.web.servlet.TestDispatcherServlet  : Initializing Servlet ''
2025-01-09T22:41:36.036+09:00  INFO 53336 --- [quo_assignment_db] [    Test worker] o.s.t.web.servlet.TestDispatcherServlet  : Completed initialization in 0 ms
2025-01-09T22:41:36.048+09:00  INFO 53336 --- [quo_assignment_db] [    Test worker] o.s.mock.web.MockServletContext          : Initializing Spring TestDispatcherServlet ''
2025-01-09T22:41:36.049+09:00  INFO 53336 --- [quo_assignment_db] [    Test worker] o.s.t.web.servlet.TestDispatcherServlet  : Initializing Servlet ''
2025-01-09T22:41:36.049+09:00  INFO 53336 --- [quo_assignment_db] [    Test worker] o.s.t.web.servlet.TestDispatcherServlet  : Completed initialization in 0 ms
2025-01-09T22:41:36.062+09:00  INFO 53336 --- [quo_assignment_db] [    Test worker] o.s.mock.web.MockServletContext          : Initializing Spring TestDispatcherServlet ''
2025-01-09T22:41:36.062+09:00  INFO 53336 --- [quo_assignment_db] [    Test worker] o.s.t.web.servlet.TestDispatcherServlet  : Initializing Servlet ''
2025-01-09T22:41:36.062+09:00  INFO 53336 --- [quo_assignment_db] [    Test worker] o.s.t.web.servlet.TestDispatcherServlet  : Completed initialization in 0 ms
2025-01-09T22:41:36.072+09:00  INFO 53336 --- [quo_assignment_db] [    Test worker] o.s.mock.web.MockServletContext          : Initializing Spring TestDispatcherServlet ''
2025-01-09T22:41:36.072+09:00  INFO 53336 --- [quo_assignment_db] [    Test worker] o.s.t.web.servlet.TestDispatcherServlet  : Initializing Servlet ''
2025-01-09T22:41:36.072+09:00  INFO 53336 --- [quo_assignment_db] [    Test worker] o.s.t.web.servlet.TestDispatcherServlet  : Completed initialization in 0 ms
2025-01-09T22:41:36.081+09:00  INFO 53336 --- [quo_assignment_db] [    Test worker] o.s.mock.web.MockServletContext          : Initializing Spring TestDispatcherServlet ''
2025-01-09T22:41:36.081+09:00  INFO 53336 --- [quo_assignment_db] [    Test worker] o.s.t.web.servlet.TestDispatcherServlet  : Initializing Servlet ''
2025-01-09T22:41:36.082+09:00  INFO 53336 --- [quo_assignment_db] [    Test worker] o.s.t.web.servlet.TestDispatcherServlet  : Completed initialization in 1 ms
]]></system-out>
  <system-err><![CDATA[]]></system-err>
</testsuite>
