<?xml version="1.0" encoding="UTF-8"?>
<testsuite name="com.bookmanagementsystem.validator.BookValidatorTest" tests="12" skipped="0" failures="0" errors="0" timestamp="2025-01-09T16:09:24" hostname="DESKTOP-03LDBVA" time="0.04">
  <properties/>
  <testcase name="書籍取得処理のバリデーションチェックにて、全ての値が正常値の場合はエラーとならないこと" classname="com.bookmanagementsystem.validator.BookValidatorTest" time="0.002"/>
  <testcase name="書籍登録処理のバリデーションチェックにて、publicationStatusが不正な値の場合はIllegalStateExceptionが投げられること" classname="com.bookmanagementsystem.validator.BookValidatorTest" time="0.003"/>
  <testcase name="書籍登録処理のバリデーションチェックにて、全ての値が正常値の場合はエラーとならないこと" classname="com.bookmanagementsystem.validator.BookValidatorTest" time="0.002"/>
  <testcase name="書籍登録処理のバリデーションチェックにて、priceがnullの場合はNullPointerExceptionが投げられること" classname="com.bookmanagementsystem.validator.BookValidatorTest" time="0.002"/>
  <testcase name="書籍登録処理のバリデーションチェックにて、titleがnullの場合はNullPointerExceptionが投げられること" classname="com.bookmanagementsystem.validator.BookValidatorTest" time="0.002"/>
  <testcase name="書籍登録処理のバリデーションチェックにて、authorIdListがnullの場合はNullPointerExceptionが投げられること" classname="com.bookmanagementsystem.validator.BookValidatorTest" time="0.002"/>
  <testcase name="書籍登録処理のバリデーションチェックにて、publicationStatusがnullの場合はNullPointerExceptionが投げられること" classname="com.bookmanagementsystem.validator.BookValidatorTest" time="0.002"/>
  <testcase name="書籍登録処理のバリデーションチェックにて、authorIdListの要素が数値以外の場合はIllegalStateExceptionが投げられること" classname="com.bookmanagementsystem.validator.BookValidatorTest" time="0.003"/>
  <testcase name="書籍更新処理のバリデーションチェックにて、全ての値が正常値の場合はエラーとならないこと" classname="com.bookmanagementsystem.validator.BookValidatorTest" time="0.002"/>
  <testcase name="書籍更新処理のバリデーションチェックにて、bookIdがnullの場合はNullPointerExceptionが投げられること" classname="com.bookmanagementsystem.validator.BookValidatorTest" time="0.002"/>
  <testcase name="書籍更新処理のバリデーションチェックにて、publicationStatusが不正な値の場合はIllegalStateExceptionが投げられること" classname="com.bookmanagementsystem.validator.BookValidatorTest" time="0.003"/>
  <testcase name="書籍取得処理のバリデーションチェックにて、bookIdがnullの場合はNullPointerExceptionが投げられること" classname="com.bookmanagementsystem.validator.BookValidatorTest" time="0.003"/>
  <system-out><![CDATA[2025-01-10T01:09:24.985+09:00  INFO 18940 --- [quo_assignment_db] [    Test worker] t.c.s.AnnotationConfigContextLoaderUtils : Could not detect default configuration classes for test class [com.bookmanagementsystem.validator.BookValidatorTest]: BookValidatorTest does not declare any static, non-private, non-final, nested classes annotated with @Configuration.
2025-01-10T01:09:24.986+09:00  INFO 18940 --- [quo_assignment_db] [    Test worker] .b.t.c.SpringBootTestContextBootstrapper : Found @SpringBootConfiguration com.bookmanagementsystem.BootApplication for test class com.bookmanagementsystem.validator.BookValidatorTest
]]></system-out>
  <system-err><![CDATA[]]></system-err>
</testsuite>
