<?xml version="1.0" encoding="UTF-8"?>
<testsuite name="com.bookmanagementsystem.response.author.UpdateAuthorResponseTest" tests="1" skipped="0" failures="0" errors="0" timestamp="2025-01-09T08:10:46" hostname="DESKTOP-03LDBVA" time="0.002">
  <properties/>
  <testcase name="UpdateAuthorResponseのauthorIdに設定した値が入っていること" classname="com.bookmanagementsystem.response.author.UpdateAuthorResponseTest" time="0.002"/>
  <system-out><![CDATA[2025-01-09T17:10:46.339+09:00  INFO 54956 --- [quo_assignment_db] [    Test worker] t.c.s.AnnotationConfigContextLoaderUtils : Could not detect default configuration classes for test class [com.bookmanagementsystem.response.author.UpdateAuthorResponseTest]: UpdateAuthorResponseTest does not declare any static, non-private, non-final, nested classes annotated with @Configuration.
2025-01-09T17:10:46.340+09:00  INFO 54956 --- [quo_assignment_db] [    Test worker] .b.t.c.SpringBootTestContextBootstrapper : Found @SpringBootConfiguration com.bookmanagementsystem.BootApplication for test class com.bookmanagementsystem.response.author.UpdateAuthorResponseTest
]]></system-out>
  <system-err><![CDATA[]]></system-err>
</testsuite>
