<?xml version="1.0" encoding="UTF-8"?>
<testsuite name="com.bookmanagementsystem.dto.AuthorIndexDtoTest" tests="7" skipped="0" failures="0" errors="0" timestamp="2025-01-09T15:05:48" hostname="DESKTOP-03LDBVA" time="0.038">
  <properties/>
  <testcase name="AuthorIndexDtoのauthorIdに設定した値が入っていること" classname="com.bookmanagementsystem.dto.AuthorIndexDtoTest" time="0.012"/>
  <testcase name="AuthorIndexDtoのupdatedAtに設定した値が入っていること" classname="com.bookmanagementsystem.dto.AuthorIndexDtoTest" time="0.004"/>
  <testcase name="AuthorIndexDtoのupdatedByに設定した値が入っていること" classname="com.bookmanagementsystem.dto.AuthorIndexDtoTest" time="0.002"/>
  <testcase name="AuthorIndexDtoのdeleteFlgに設定した値が入っていること" classname="com.bookmanagementsystem.dto.AuthorIndexDtoTest" time="0.004"/>
  <testcase name="AuthorIndexDtoのbookIdに設定した値が入っていること" classname="com.bookmanagementsystem.dto.AuthorIndexDtoTest" time="0.003"/>
  <testcase name="AuthorIndexDtoのcreatedAtに設定した値が入っていること" classname="com.bookmanagementsystem.dto.AuthorIndexDtoTest" time="0.003"/>
  <testcase name="AuthorIndexDtoのCreatedByに設定した値が入っていること" classname="com.bookmanagementsystem.dto.AuthorIndexDtoTest" time="0.003"/>
  <system-out><![CDATA[2025-01-10T00:05:46.936+09:00  INFO 16716 --- [quo_assignment_db] [    Test worker] t.c.s.AnnotationConfigContextLoaderUtils : Could not detect default configuration classes for test class [com.bookmanagementsystem.dto.AuthorIndexDtoTest]: AuthorIndexDtoTest does not declare any static, non-private, non-final, nested classes annotated with @Configuration.
2025-01-10T00:05:46.956+09:00  INFO 16716 --- [quo_assignment_db] [    Test worker] .b.t.c.SpringBootTestContextBootstrapper : Found @SpringBootConfiguration com.bookmanagementsystem.BootApplication for test class com.bookmanagementsystem.dto.AuthorIndexDtoTest

  .   ____          _            __ _ _
 /\\ / ___'_ __ _ _(_)_ __  __ _ \ \ \ \
( ( )\___ | '_ | '_| | '_ \/ _` | \ \ \ \
 \\/  ___)| |_)| | | | | || (_| |  ) ) ) )
  '  |____| .__|_| |_|_| |_\__, | / / / /
 =========|_|==============|___/=/_/_/_/

 :: Spring Boot ::                (v3.4.1)

2025-01-10T00:05:46.983+09:00  INFO 16716 --- [quo_assignment_db] [    Test worker] c.b.dto.AuthorIndexDtoTest               : Starting AuthorIndexDtoTest using Java 21.0.5 with PID 16716 (started by YUUTA in F:\development\BookManagementSystem)
2025-01-10T00:05:46.990+09:00  INFO 16716 --- [quo_assignment_db] [    Test worker] c.b.dto.AuthorIndexDtoTest               : No active profile set, falling back to 1 default profile: "default"
2025-01-10T00:05:47.795+09:00  INFO 16716 --- [quo_assignment_db] [    Test worker] com.zaxxer.hikari.HikariDataSource       : HikariPool-1 - Starting...
2025-01-10T00:05:47.988+09:00  INFO 16716 --- [quo_assignment_db] [    Test worker] com.zaxxer.hikari.pool.HikariPool        : HikariPool-1 - Added connection org.postgresql.jdbc.PgConnection@39d44217
2025-01-10T00:05:47.989+09:00  INFO 16716 --- [quo_assignment_db] [    Test worker] com.zaxxer.hikari.HikariDataSource       : HikariPool-1 - Start completed.
2025-01-10T00:05:48.016+09:00  INFO 16716 --- [quo_assignment_db] [    Test worker] org.flywaydb.core.FlywayExecutor         : Database: jdbc:postgresql://localhost:5432/quo_assignment_db (PostgreSQL 17.2)
2025-01-10T00:05:48.051+09:00  INFO 16716 --- [quo_assignment_db] [    Test worker] o.f.core.internal.command.DbValidate     : Successfully validated 0 migrations (execution time 00:00.014s)
2025-01-10T00:05:48.051+09:00  WARN 16716 --- [quo_assignment_db] [    Test worker] o.f.core.internal.command.DbValidate     : No migrations found. Are your locations set up correctly?
2025-01-10T00:05:48.126+09:00  INFO 16716 --- [quo_assignment_db] [    Test worker] o.f.core.internal.command.DbMigrate      : Current version of schema "public": << Empty Schema >>
2025-01-10T00:05:48.129+09:00  INFO 16716 --- [quo_assignment_db] [    Test worker] o.f.core.internal.command.DbMigrate      : Schema "public" is up to date. No migration necessary.
2025-01-10T00:05:48.902+09:00  INFO 16716 --- [quo_assignment_db] [    Test worker] c.b.dto.AuthorIndexDtoTest               : Started AuthorIndexDtoTest in 1.938 seconds (process running for 6.4)
]]></system-out>
  <system-err><![CDATA[]]></system-err>
</testsuite>
