<?xml version="1.0" encoding="UTF-8"?>
<testsuite name="com.bookmanagementsystem.service.CommonServiceTest" tests="1" skipped="0" failures="0" errors="0" timestamp="2025-01-07T17:05:33" hostname="DESKTOP-03LDBVA" time="0.007">
  <properties/>
  <testcase name="getProcessingDateTimeを呼んだときに処理時刻が取得できること" classname="com.bookmanagementsystem.service.CommonServiceTest" time="0.007"/>
  <system-out><![CDATA[2025-01-08T02:05:33.004+09:00  INFO 15412 --- [quo_assignment_db] [    Test worker] t.c.s.AnnotationConfigContextLoaderUtils : Could not detect default configuration classes for test class [com.bookmanagementsystem.service.CommonServiceTest]: CommonServiceTest does not declare any static, non-private, non-final, nested classes annotated with @Configuration.
2025-01-08T02:05:33.006+09:00  INFO 15412 --- [quo_assignment_db] [    Test worker] .b.t.c.SpringBootTestContextBootstrapper : Found @SpringBootConfiguration com.bookmanagementsystem.BootApplication for test class com.bookmanagementsystem.service.CommonServiceTest
]]></system-out>
  <system-err><![CDATA[]]></system-err>
</testsuite>
