<?xml version="1.0" encoding="UTF-8"?>
<testsuite name="com.bookmanagementsystem.response.author.CreateAuthorResponseTest" tests="1" skipped="0" failures="0" errors="0" timestamp="2025-01-08T14:53:15" hostname="DESKTOP-03LDBVA" time="0.003">
  <properties/>
  <testcase name="CreateAuthorResponseのauthorIdに設定した値が入っていること" classname="com.bookmanagementsystem.response.author.CreateAuthorResponseTest" time="0.003"/>
  <system-out><![CDATA[2025-01-08T23:53:15.490+09:00  INFO 53520 --- [quo_assignment_db] [    Test worker] t.c.s.AnnotationConfigContextLoaderUtils : Could not detect default configuration classes for test class [com.bookmanagementsystem.response.author.CreateAuthorResponseTest]: CreateAuthorResponseTest does not declare any static, non-private, non-final, nested classes annotated with @Configuration.
2025-01-08T23:53:15.507+09:00  INFO 53520 --- [quo_assignment_db] [    Test worker] .b.t.c.SpringBootTestContextBootstrapper : Found @SpringBootConfiguration com.bookmanagementsystem.BootApplication for test class com.bookmanagementsystem.response.author.CreateAuthorResponseTest
]]></system-out>
  <system-err><![CDATA[]]></system-err>
</testsuite>
